[0621/011414.335:ERROR:process_memory_win.cc(73)] ReadMemory at 0x7ff7eda40000 of 64 bytes failed: Only part of a ReadProcessMemory or WriteProcessMemory request was completed. (0x12B)
[0621/011414.336:WARNING:pe_image_reader.cc(340)] could not read dos header from C:\Program Files (x86)\Google\Chrome\Application\chrome.exe
[0621/011414.336:ERROR:process_memory_win.cc(73)] ReadMemory at 0x7ffe84080000 of 64 bytes failed: Only part of a ReadProcessMemory or WriteProcessMemory request was completed. (0x12B)
[0621/011414.336:WARNING:pe_image_reader.cc(340)] could not read dos header from C:\WINDOWS\SYSTEM32\ntdll.dll
[0621/011414.336:ERROR:process_memory_win.cc(73)] ReadMemory at 0x7ffe82870000 of 64 bytes failed: Only part of a ReadProcessMemory or WriteProcessMemory request was completed. (0x12B)
[0621/011414.336:WARNING:pe_image_reader.cc(340)] could not read dos header from C:\WINDOWS\System32\KERNEL32.DLL
[0621/011414.336:ERROR:process_memory_win.cc(73)] ReadMemory at 0x7ffe81d00000 of 64 bytes failed: Only part of a ReadProcessMemory or WriteProcessMemory request was completed. (0x12B)
[0621/011414.336:WARNING:pe_image_reader.cc(340)] could not read dos header from C:\WINDOWS\System32\KERNELBASE.dll
[0621/011414.336:ERROR:process_memory_win.cc(73)] ReadMemory at 0x7ffe5f830000 of 64 bytes failed: Only part of a ReadProcessMemory or WriteProcessMemory request was completed. (0x12B)
[0621/011414.336:WARNING:pe_image_reader.cc(340)] could not read dos header from C:\Program Files (x86)\Google\Chrome\Application\83.0.4103.106\chrome_elf.dll
[0621/011414.336:ERROR:process_memory_win.cc(73)] ReadMemory at 0x7ffe6bb70000 of 64 bytes failed: Only part of a ReadProcessMemory or WriteProcessMemory request was completed. (0x12B)
[0621/011414.336:WARNING:pe_image_reader.cc(340)] could not read dos header from C:\WINDOWS\SYSTEM32\VERSION.dll
[0621/011414.337:ERROR:process_memory_win.cc(73)] ReadMemory at 0x7ffe82cd0000 of 64 bytes failed: Only part of a ReadProcessMemory or WriteProcessMemory request was completed. (0x12B)
[0621/011414.337:WARNING:pe_image_reader.cc(340)] could not read dos header from C:\WINDOWS\System32\msvcrt.dll
[0621/011414.337:ERROR:process_memory_win.cc(73)] ReadMemory at 0x7ffe810c0000 of 64 bytes failed: Only part of a ReadProcessMemory or WriteProcessMemory request was completed. (0x12B)
[0621/011414.337:WARNING:pe_image_reader.cc(340)] could not read dos header from C:\WINDOWS\System32\bcryptPrimitives.dll
[0621/011414.337:ERROR:process_memory_win.cc(73)] ReadMemory at 0x7ffe82480000 of 64 bytes failed: Only part of a ReadProcessMemory or WriteProcessMemory request was completed. (0x12B)
[0621/011414.337:WARNING:pe_image_reader.cc(340)] could not read dos header from C:\WINDOWS\System32\ADVAPI32.dll
[0621/011414.337:ERROR:process_memory_win.cc(73)] ReadMemory at 0x7ffe82d70000 of 64 bytes failed: Only part of a ReadProcessMemory or WriteProcessMemory request was completed. (0x12B)
[0621/011414.337:WARNING:pe_image_reader.cc(340)] could not read dos header from C:\WINDOWS\System32\sechost.dll
[0621/011414.337:ERROR:process_memory_win.cc(73)] ReadMemory at 0x7ffe83700000 of 64 bytes failed: Only part of a ReadProcessMemory or WriteProcessMemory request was completed. (0x12B)
[0621/011414.337:WARNING:pe_image_reader.cc(340)] could not read dos header from C:\WINDOWS\System32\RPCRT4.dll
[0621/011414.337:ERROR:process_memory_win.cc(73)] ReadMemory at 0x7ffe3b910000 of 64 bytes failed: Only part of a ReadProcessMemory or WriteProcessMemory request was completed. (0x12B)
[0621/011414.337:WARNING:pe_image_reader.cc(340)] could not read dos header from C:\Program Files (x86)\Google\Chrome\Application\83.0.4103.106\chrome.dll
[0621/011414.337:ERROR:process_memory_win.cc(73)] ReadMemory at 0x7ffe82af0000 of 64 bytes failed: Only part of a ReadProcessMemory or WriteProcessMemory request was completed. (0x12B)
[0621/011414.337:WARNING:pe_image_reader.cc(340)] could not read dos header from C:\WINDOWS\System32\WS2_32.dll
[0621/011414.338:ERROR:process_memory_win.cc(73)] ReadMemory at 0x7ffe82130000 of 64 bytes failed: Only part of a ReadProcessMemory or WriteProcessMemory request was completed. (0x12B)
[0621/011414.338:WARNING:pe_image_reader.cc(340)] could not read dos header from C:\WINDOWS\System32\OLEAUT32.dll
[0621/011414.338:ERROR:process_memory_win.cc(73)] ReadMemory at 0x7ffe81c60000 of 64 bytes failed: Only part of a ReadProcessMemory or WriteProcessMemory request was completed. (0x12B)
[0621/011414.338:WARNING:pe_image_reader.cc(340)] could not read dos header from C:\WINDOWS\System32\msvcp_win.dll
[0621/011414.338:ERROR:process_memory_win.cc(73)] ReadMemory at 0x7ffe81fe0000 of 64 bytes failed: Only part of a ReadProcessMemory or WriteProcessMemory request was completed. (0x12B)
[0621/011414.338:WARNING:pe_image_reader.cc(340)] could not read dos header from C:\WINDOWS\System32\ucrtbase.dll
[0621/011414.338:ERROR:process_memory_win.cc(73)] ReadMemory at 0x7ffe82530000 of 64 bytes failed: Only part of a ReadProcessMemory or WriteProcessMemory request was completed. (0x12B)
[0621/011414.338:WARNING:pe_image_reader.cc(340)] could not read dos header from C:\WINDOWS\System32\combase.dll
[0621/011414.338:ERROR:process_memory_win.cc(73)] ReadMemory at 0x7ffe81c00000 of 64 bytes failed: Only part of a ReadProcessMemory or WriteProcessMemory request was completed. (0x12B)
[0621/011414.338:WARNING:pe_image_reader.cc(340)] could not read dos header from C:\WINDOWS\System32\WINTRUST.dll
[0621/011414.338:ERROR:process_memory_win.cc(73)] ReadMemory at 0x7ffe80fa0000 of 64 bytes failed: Only part of a ReadProcessMemory or WriteProcessMemory request was completed. (0x12B)
[0621/011414.338:WARNING:pe_image_reader.cc(340)] could not read dos header from C:\WINDOWS\System32\MSASN1.dll
[0621/011414.338:ERROR:process_memory_win.cc(73)] ReadMemory at 0x7ffe81330000 of 64 bytes failed: Only part of a ReadProcessMemory or WriteProcessMemory request was completed. (0x12B)
[0621/011414.338:WARNING:pe_image_reader.cc(340)] could not read dos header from C:\WINDOWS\System32\CRYPT32.dll
[0621/011414.338:ERROR:process_memory_win.cc(73)] ReadMemory at 0x7ffe804c0000 of 64 bytes failed: Only part of a ReadProcessMemory or WriteProcessMemory request was completed. (0x12B)
[0621/011414.338:WARNING:pe_image_reader.cc(340)] could not read dos header from C:\WINDOWS\SYSTEM32\IPHLPAPI.DLL
[0621/011414.338:ERROR:process_memory_win.cc(73)] ReadMemory at 0x7ffe7ea30000 of 64 bytes failed: Only part of a ReadProcessMemory or WriteProcessMemory request was completed. (0x12B)
[0621/011414.338:WARNING:pe_image_reader.cc(340)] could not read dos header from C:\WINDOWS\SYSTEM32\WINMM.dll
[0621/011414.338:ERROR:process_memory_win.cc(73)] ReadMemory at 0x7ffe6a5c0000 of 64 bytes failed: Only part of a ReadProcessMemory or WriteProcessMemory request was completed. (0x12B)
[0621/011414.338:WARNING:pe_image_reader.cc(340)] could not read dos header from C:\WINDOWS\SYSTEM32\Secur32.dll
[0621/011414.338:ERROR:process_memory_win.cc(73)] ReadMemory at 0x7ffe80e30000 of 64 bytes failed: Only part of a ReadProcessMemory or WriteProcessMemory request was completed. (0x12B)
[0621/011414.338:WARNING:pe_image_reader.cc(340)] could not read dos header from C:\WINDOWS\SYSTEM32\USERENV.dll
[0621/011414.338:ERROR:process_memory_win.cc(73)] ReadMemory at 0x7ffe80fe0000 of 64 bytes failed: Only part of a ReadProcessMemory or WriteProcessMemory request was completed. (0x12B)
[0621/011414.338:WARNING:pe_image_reader.cc(340)] could not read dos header from C:\WINDOWS\System32\profapi.dll
[0621/011414.338:ERROR:process_memory_win.cc(73)] ReadMemory at 0x7ffe52d30000 of 64 bytes failed: Only part of a ReadProcessMemory or WriteProcessMemory request was completed. (0x12B)
[0621/011414.339:WARNING:pe_image_reader.cc(340)] could not read dos header from C:\WINDOWS\SYSTEM32\UIAutomationCore.DLL
[0621/011414.339:ERROR:process_memory_win.cc(73)] ReadMemory at 0x7ffe5dd20000 of 64 bytes failed: Only part of a ReadProcessMemory or WriteProcessMemory request was completed. (0x12B)
[0621/011414.339:WARNING:pe_image_reader.cc(340)] could not read dos header from C:\WINDOWS\SYSTEM32\DWrite.dll
[0621/011414.339:ERROR:process_memory_win.cc(73)] ReadMemory at 0x7ffe6b810000 of 64 bytes failed: Only part of a ReadProcessMemory or WriteProcessMemory request was completed. (0x12B)
[0621/011414.339:WARNING:pe_image_reader.cc(340)] could not read dos header from C:\WINDOWS\SYSTEM32\WINSPOOL.DRV
[0621/011414.339:ERROR:process_memory_win.cc(73)] ReadMemory at 0x7ffe80fc0000 of 64 bytes failed: Only part of a ReadProcessMemory or WriteProcessMemory request was completed. (0x12B)
[0621/011414.339:WARNING:pe_image_reader.cc(340)] could not read dos header from C:\WINDOWS\System32\kernel.appcore.dll
[0621/011414.339:ERROR:process_memory_win.cc(73)] ReadMemory at 0x7ffe82100000 of 64 bytes failed: Only part of a ReadProcessMemory or WriteProcessMemory request was completed. (0x12B)
[0621/011414.339:WARNING:pe_image_reader.cc(340)] could not read dos header from C:\WINDOWS\System32\bcrypt.dll
[0621/011414.339:ERROR:process_memory_win.cc(73)] ReadMemory at 0x7ffe7b3d0000 of 64 bytes failed: Only part of a ReadProcessMemory or WriteProcessMemory request was completed. (0x12B)
[0621/011414.339:WARNING:pe_image_reader.cc(340)] could not read dos header from C:\WINDOWS\SYSTEM32\dbghelp.dll
[0621/011414.339:ERROR:process_memory_win.cc(73)] ReadMemory at 0x7ffe7b2e0000 of 64 bytes failed: Only part of a ReadProcessMemory or WriteProcessMemory request was completed. (0x12B)
[0621/011414.339:WARNING:pe_image_reader.cc(340)] could not read dos header from C:\WINDOWS\SYSTEM32\WINHTTP.dll
[0621/011414.339:ERROR:process_memory_win.cc(73)] ReadMemory at 0x7ffe73e70000 of 64 bytes failed: Only part of a ReadProcessMemory or WriteProcessMemory request was completed. (0x12B)
[0621/011414.339:WARNING:pe_image_reader.cc(340)] could not read dos header from C:\WINDOWS\SYSTEM32\dhcpcsvc.DLL
[0621/011414.339:ERROR:process_memory_win.cc(73)] ReadMemory at 0x7ffe82aa0000 of 64 bytes failed: Only part of a ReadProcessMemory or WriteProcessMemory request was completed. (0x12B)
[0621/011414.339:WARNING:pe_image_reader.cc(340)] could not read dos header from C:\WINDOWS\System32\NSI.dll
[0621/011414.339:ERROR:process_memory_win.cc(73)] ReadMemory at 0x7ffe7ea00000 of 64 bytes failed: Only part of a ReadProcessMemory or WriteProcessMemory request was completed. (0x12B)
[0621/011414.339:WARNING:pe_image_reader.cc(340)] could not read dos header from C:\WINDOWS\SYSTEM32\WINMMBASE.dll
[0621/011414.339:ERROR:process_memory_win.cc(73)] ReadMemory at 0x7ffe81140000 of 64 bytes failed: Only part of a ReadProcessMemory or WriteProcessMemory request was completed. (0x12B)
[0621/011414.339:WARNING:pe_image_reader.cc(340)] could not read dos header from C:\WINDOWS\System32\cfgmgr32.dll
[0621/011414.339:ERROR:process_memory_win.cc(73)] ReadMemory at 0x7ffe7d8d0000 of 64 bytes failed: Only part of a ReadProcessMemory or WriteProcessMemory request was completed. (0x12B)
[0621/011414.339:WARNING:pe_image_reader.cc(340)] could not read dos header from C:\WINDOWS\SYSTEM32\PROPSYS.dll
[0621/011414.339:ERROR:process_memory_win.cc(73)] ReadMemory at 0x7ffe823d0000 of 64 bytes failed: Only part of a ReadProcessMemory or WriteProcessMemory request was completed. (0x12B)
[0621/011414.339:WARNING:pe_image_reader.cc(340)] could not read dos header from C:\WINDOWS\System32\shcore.dll
[0621/011414.339:ERROR:process_memory_win.cc(73)] ReadMemory at 0x7ffe80e60000 of 64 bytes failed: Only part of a ReadProcessMemory or WriteProcessMemory request was completed. (0x12B)
[0621/011414.339:WARNING:pe_image_reader.cc(340)] could not read dos header from C:\WINDOWS\SYSTEM32\SSPICLI.DLL
[0621/011414.339:ERROR:process_memory_win.cc(73)] ReadMemory at 0x7ffe82e10000 of 64 bytes failed: Only part of a ReadProcessMemory or WriteProcessMemory request was completed. (0x12B)
[0621/011414.340:WARNING:pe_image_reader.cc(340)] could not read dos header from C:\WINDOWS\System32\SHELL32.dll
[0621/011414.340:ERROR:process_memory_win.cc(73)] ReadMemory at 0x7ffe81480000 of 64 bytes failed: Only part of a ReadProcessMemory or WriteProcessMemory request was completed. (0x12B)
[0621/011414.340:WARNING:pe_image_reader.cc(340)] could not read dos header from C:\WINDOWS\System32\windows.storage.dll
[0621/011414.340:ERROR:process_memory_win.cc(73)] ReadMemory at 0x7ffe80f50000 of 64 bytes failed: Only part of a ReadProcessMemory or WriteProcessMemory request was completed. (0x12B)
[0621/011414.340:WARNING:pe_image_reader.cc(340)] could not read dos header from C:\WINDOWS\System32\powrprof.dll
[0621/011414.340:ERROR:process_memory_win.cc(73)] ReadMemory at 0x7ffe80f40000 of 64 bytes failed: Only part of a ReadProcessMemory or WriteProcessMemory request was completed. (0x12B)
[0621/011414.340:WARNING:pe_image_reader.cc(340)] could not read dos header from C:\WINDOWS\System32\UMPDC.dll
[0621/011414.340:ERROR:process_memory_win.cc(73)] ReadMemory at 0x7ffe82370000 of 64 bytes failed: Only part of a ReadProcessMemory or WriteProcessMemory request was completed. (0x12B)
[0621/011414.340:WARNING:pe_image_reader.cc(340)] could not read dos header from C:\WINDOWS\System32\shlwapi.dll
[0621/011414.340:ERROR:process_memory_win.cc(73)] ReadMemory at 0x7ffe82ac0000 of 64 bytes failed: Only part of a ReadProcessMemory or WriteProcessMemory request was completed. (0x12B)
[0621/011414.340:WARNING:pe_image_reader.cc(340)] could not read dos header from C:\WINDOWS\System32\GDI32.dll
[0621/011414.340:ERROR:process_memory_win.cc(73)] ReadMemory at 0x7ffe81fb0000 of 64 bytes failed: Only part of a ReadProcessMemory or WriteProcessMemory request was completed. (0x12B)
[0621/011414.340:WARNING:pe_image_reader.cc(340)] could not read dos header from C:\WINDOWS\System32\win32u.dll
[0621/011414.340:ERROR:process_memory_win.cc(73)] ReadMemory at 0x7ffe81190000 of 64 bytes failed: Only part of a ReadProcessMemory or WriteProcessMemory request was completed. (0x12B)
[0621/011414.340:WARNING:pe_image_reader.cc(340)] could not read dos header from C:\WINDOWS\System32\gdi32full.dll
[0621/011414.340:ERROR:process_memory_win.cc(73)] ReadMemory at 0x7ffe83560000 of 64 bytes failed: Only part of a ReadProcessMemory or WriteProcessMemory request was completed. (0x12B)
[0621/011414.340:WARNING:pe_image_reader.cc(340)] could not read dos header from C:\WINDOWS\System32\USER32.dll
[0621/011414.340:ERROR:process_memory_win.cc(73)] ReadMemory at 0x7ffe820e0000 of 64 bytes failed: Only part of a ReadProcessMemory or WriteProcessMemory request was completed. (0x12B)
[0621/011414.340:WARNING:pe_image_reader.cc(340)] could not read dos header from C:\WINDOWS\System32\cryptsp.dll
[0621/011414.340:ERROR:process_memory_win.cc(73)] ReadMemory at 0x7ffe82b60000 of 64 bytes failed: Only part of a ReadProcessMemory or WriteProcessMemory request was completed. (0x12B)
[0621/011414.340:WARNING:pe_image_reader.cc(340)] could not read dos header from C:\WINDOWS\System32\IMM32.DLL
[0621/011414.340:ERROR:process_memory_win.cc(73)] ReadMemory at 0x7ffe80980000 of 64 bytes failed: Only part of a ReadProcessMemory or WriteProcessMemory request was completed. (0x12B)
[0621/011414.340:WARNING:pe_image_reader.cc(340)] could not read dos header from C:\WINDOWS\SYSTEM32\CRYPTBASE.DLL
[0621/011414.340:ERROR:process_memory_win.cc(73)] ReadMemory at 0x7ffe73e90000 of 64 bytes failed: Only part of a ReadProcessMemory or WriteProcessMemory request was completed. (0x12B)
[0621/011414.340:WARNING:pe_image_reader.cc(340)] could not read dos header from C:\WINDOWS\SYSTEM32\dhcpcsvc6.DLL
[0621/011414.340:ERROR:process_memory_win.cc(73)] ReadMemory at 0x7ffe7d740000 of 64 bytes failed: Only part of a ReadProcessMemory or WriteProcessMemory request was completed. (0x12B)
[0621/011414.341:WARNING:pe_image_reader.cc(340)] could not read dos header from C:\WINDOWS\system32\NLAapi.dll
[0621/011414.341:ERROR:process_memory_win.cc(73)] ReadMemory at 0x7ffe80500000 of 64 bytes failed: Only part of a ReadProcessMemory or WriteProcessMemory request was completed. (0x12B)
[0621/011414.341:WARNING:pe_image_reader.cc(340)] could not read dos header from C:\WINDOWS\SYSTEM32\DNSAPI.dll
[0621/011414.341:ERROR:process_memory_win.cc(73)] ReadMemory at 0x7ffe730b0000 of 64 bytes failed: Only part of a ReadProcessMemory or WriteProcessMemory request was completed. (0x12B)
[0621/011414.341:WARNING:pe_image_reader.cc(340)] could not read dos header from C:\WINDOWS\SYSTEM32\wlanapi.dll
[0621/011414.341:ERROR:process_memory_win.cc(73)] ReadMemory at 0x7ffe807b0000 of 64 bytes failed: Only part of a ReadProcessMemory or WriteProcessMemory request was completed. (0x12B)
[0621/011414.341:WARNING:pe_image_reader.cc(340)] could not read dos header from C:\WINDOWS\system32\mswsock.dll
[0621/011414.341:ERROR:process_memory_win.cc(73)] ReadMemory at 0x7ffe76250000 of 64 bytes failed: Only part of a ReadProcessMemory or WriteProcessMemory request was completed. (0x12B)
[0621/011414.341:WARNING:pe_image_reader.cc(340)] could not read dos header from C:\Windows\System32\rasadhlp.dll
[0621/011414.341:ERROR:process_memory_win.cc(73)] ReadMemory at 0x7ffe73b60000 of 64 bytes failed: Only part of a ReadProcessMemory or WriteProcessMemory request was completed. (0x12B)
[0621/011414.341:WARNING:pe_image_reader.cc(340)] could not read dos header from C:\WINDOWS\System32\fwpuclnt.dll
[0621/011414.341:ERROR:process_memory_win.cc(73)] ReadMemory at 0x7ffe80320000 of 64 bytes failed: Only part of a ReadProcessMemory or WriteProcessMemory request was completed. (0x12B)
[0621/011414.341:WARNING:pe_image_reader.cc(340)] could not read dos header from C:\WINDOWS\system32\rsaenh.dll
[0621/011414.341:ERROR:process_memory_win.cc(73)] ReadMemory at 0x7ffe7fb60000 of 64 bytes failed: Only part of a ReadProcessMemory or WriteProcessMemory request was completed. (0x12B)
[0621/011414.341:WARNING:pe_image_reader.cc(340)] could not read dos header from C:\WINDOWS\SYSTEM32\gpapi.dll
[0621/011414.341:ERROR:process_memory_win.cc(73)] ReadMemory at 0x7ffe5f580000 of 64 bytes failed: Only part of a ReadProcessMemory or WriteProcessMemory request was completed. (0x12B)
[0621/011414.341:WARNING:pe_image_reader.cc(340)] could not read dos header from C:\Windows\System32\cryptnet.dll
[0621/011414.354:ERROR:process_memory_win.cc(73)] ReadMemory at 0x7ff7eda40000 of 64 bytes failed: Only part of a ReadProcessMemory or WriteProcessMemory request was completed. (0x12B)
[0621/011414.354:WARNING:pe_image_reader.cc(340)] could not read dos header from C:\Program Files (x86)\Google\Chrome\Application\chrome.exe
[0621/011414.354:ERROR:process_memory_win.cc(73)] ReadMemory at 0x7ffe84080000 of 64 bytes failed: Only part of a ReadProcessMemory or WriteProcessMemory request was completed. (0x12B)
[0621/011414.354:WARNING:pe_image_reader.cc(340)] could not read dos header from C:\WINDOWS\SYSTEM32\ntdll.dll
[0621/011414.355:ERROR:process_memory_win.cc(73)] ReadMemory at 0x7ffe82870000 of 64 bytes failed: Only part of a ReadProcessMemory or WriteProcessMemory request was completed. (0x12B)
[0621/011414.355:WARNING:pe_image_reader.cc(340)] could not read dos header from C:\WINDOWS\System32\KERNEL32.DLL
[0621/011414.355:ERROR:process_memory_win.cc(73)] ReadMemory at 0x7ffe81d00000 of 64 bytes failed: Only part of a ReadProcessMemory or WriteProcessMemory request was completed. (0x12B)
[0621/011414.355:WARNING:pe_image_reader.cc(340)] could not read dos header from C:\WINDOWS\System32\KERNELBASE.dll
[0621/011414.355:ERROR:process_memory_win.cc(73)] ReadMemory at 0x7ffe5f830000 of 64 bytes failed: Only part of a ReadProcessMemory or WriteProcessMemory request was completed. (0x12B)
[0621/011414.355:WARNING:pe_image_reader.cc(340)] could not read dos header from C:\Program Files (x86)\Google\Chrome\Application\83.0.4103.106\chrome_elf.dll
[0621/011414.355:ERROR:process_memory_win.cc(73)] ReadMemory at 0x7ffe6bb70000 of 64 bytes failed: Only part of a ReadProcessMemory or WriteProcessMemory request was completed. (0x12B)
[0621/011414.355:WARNING:pe_image_reader.cc(340)] could not read dos header from C:\WINDOWS\SYSTEM32\VERSION.dll
[0621/011414.355:ERROR:process_memory_win.cc(73)] ReadMemory at 0x7ffe82cd0000 of 64 bytes failed: Only part of a ReadProcessMemory or WriteProcessMemory request was completed. (0x12B)
[0621/011414.355:WARNING:pe_image_reader.cc(340)] could not read dos header from C:\WINDOWS\System32\msvcrt.dll
[0621/011414.355:ERROR:process_memory_win.cc(73)] ReadMemory at 0x7ffe810c0000 of 64 bytes failed: Only part of a ReadProcessMemory or WriteProcessMemory request was completed. (0x12B)
[0621/011414.356:WARNING:pe_image_reader.cc(340)] could not read dos header from C:\WINDOWS\System32\bcryptPrimitives.dll
[0621/011414.356:ERROR:process_memory_win.cc(73)] ReadMemory at 0x7ffe82480000 of 64 bytes failed: Only part of a ReadProcessMemory or WriteProcessMemory request was completed. (0x12B)
[0621/011414.356:WARNING:pe_image_reader.cc(340)] could not read dos header from C:\WINDOWS\System32\ADVAPI32.dll
[0621/011414.356:ERROR:process_memory_win.cc(73)] ReadMemory at 0x7ffe82d70000 of 64 bytes failed: Only part of a ReadProcessMemory or WriteProcessMemory request was completed. (0x12B)
[0621/011414.356:WARNING:pe_image_reader.cc(340)] could not read dos header from C:\WINDOWS\System32\sechost.dll
[0621/011414.356:ERROR:process_memory_win.cc(73)] ReadMemory at 0x7ffe83700000 of 64 bytes failed: Only part of a ReadProcessMemory or WriteProcessMemory request was completed. (0x12B)
[0621/011414.356:WARNING:pe_image_reader.cc(340)] could not read dos header from C:\WINDOWS\System32\RPCRT4.dll
[0621/011414.356:ERROR:process_memory_win.cc(73)] ReadMemory at 0x7ffe3b910000 of 64 bytes failed: Only part of a ReadProcessMemory or WriteProcessMemory request was completed. (0x12B)
[0621/011414.356:WARNING:pe_image_reader.cc(340)] could not read dos header from C:\Program Files (x86)\Google\Chrome\Application\83.0.4103.106\chrome.dll
[0621/011414.356:ERROR:process_memory_win.cc(73)] ReadMemory at 0x7ffe82af0000 of 64 bytes failed: Only part of a ReadProcessMemory or WriteProcessMemory request was completed. (0x12B)
[0621/011414.356:WARNING:pe_image_reader.cc(340)] could not read dos header from C:\WINDOWS\System32\WS2_32.dll
[0621/011414.356:ERROR:process_memory_win.cc(73)] ReadMemory at 0x7ffe82130000 of 64 bytes failed: Only part of a ReadProcessMemory or WriteProcessMemory request was completed. (0x12B)
[0621/011414.356:WARNING:pe_image_reader.cc(340)] could not read dos header from C:\WINDOWS\System32\OLEAUT32.dll
[0621/011414.357:ERROR:process_memory_win.cc(73)] ReadMemory at 0x7ffe81c60000 of 64 bytes failed: Only part of a ReadProcessMemory or WriteProcessMemory request was completed. (0x12B)
[0621/011414.357:WARNING:pe_image_reader.cc(340)] could not read dos header from C:\WINDOWS\System32\msvcp_win.dll
[0621/011414.357:ERROR:process_memory_win.cc(73)] ReadMemory at 0x7ffe81fe0000 of 64 bytes failed: Only part of a ReadProcessMemory or WriteProcessMemory request was completed. (0x12B)
[0621/011414.357:WARNING:pe_image_reader.cc(340)] could not read dos header from C:\WINDOWS\System32\ucrtbase.dll
[0621/011414.357:ERROR:process_memory_win.cc(73)] ReadMemory at 0x7ffe82530000 of 64 bytes failed: Only part of a ReadProcessMemory or WriteProcessMemory request was completed. (0x12B)
[0621/011414.357:WARNING:pe_image_reader.cc(340)] could not read dos header from C:\WINDOWS\System32\combase.dll
[0621/011414.357:ERROR:process_memory_win.cc(73)] ReadMemory at 0x7ffe81c00000 of 64 bytes failed: Only part of a ReadProcessMemory or WriteProcessMemory request was completed. (0x12B)
[0621/011414.357:WARNING:pe_image_reader.cc(340)] could not read dos header from C:\WINDOWS\System32\WINTRUST.dll
[0621/011414.357:ERROR:process_memory_win.cc(73)] ReadMemory at 0x7ffe80fa0000 of 64 bytes failed: Only part of a ReadProcessMemory or WriteProcessMemory request was completed. (0x12B)
[0621/011414.357:WARNING:pe_image_reader.cc(340)] could not read dos header from C:\WINDOWS\System32\MSASN1.dll
[0621/011414.357:ERROR:process_memory_win.cc(73)] ReadMemory at 0x7ffe81330000 of 64 bytes failed: Only part of a ReadProcessMemory or WriteProcessMemory request was completed. (0x12B)
[0621/011414.357:WARNING:pe_image_reader.cc(340)] could not read dos header from C:\WINDOWS\System32\CRYPT32.dll
[0621/011414.357:ERROR:process_memory_win.cc(73)] ReadMemory at 0x7ffe804c0000 of 64 bytes failed: Only part of a ReadProcessMemory or WriteProcessMemory request was completed. (0x12B)
[0621/011414.357:WARNING:pe_image_reader.cc(340)] could not read dos header from C:\WINDOWS\SYSTEM32\IPHLPAPI.DLL
[0621/011414.358:ERROR:process_memory_win.cc(73)] ReadMemory at 0x7ffe7ea30000 of 64 bytes failed: Only part of a ReadProcessMemory or WriteProcessMemory request was completed. (0x12B)
[0621/011414.358:WARNING:pe_image_reader.cc(340)] could not read dos header from C:\WINDOWS\SYSTEM32\WINMM.dll
[0621/011414.358:ERROR:process_memory_win.cc(73)] ReadMemory at 0x7ffe6a5c0000 of 64 bytes failed: Only part of a ReadProcessMemory or WriteProcessMemory request was completed. (0x12B)
[0621/011414.358:WARNING:pe_image_reader.cc(340)] could not read dos header from C:\WINDOWS\SYSTEM32\Secur32.dll
[0621/011414.358:ERROR:process_memory_win.cc(73)] ReadMemory at 0x7ffe80e30000 of 64 bytes failed: Only part of a ReadProcessMemory or WriteProcessMemory request was completed. (0x12B)
[0621/011414.358:WARNING:pe_image_reader.cc(340)] could not read dos header from C:\WINDOWS\SYSTEM32\USERENV.dll
[0621/011414.358:ERROR:process_memory_win.cc(73)] ReadMemory at 0x7ffe80fe0000 of 64 bytes failed: Only part of a ReadProcessMemory or WriteProcessMemory request was completed. (0x12B)
[0621/011414.358:WARNING:pe_image_reader.cc(340)] could not read dos header from C:\WINDOWS\System32\profapi.dll
[0621/011414.358:ERROR:process_memory_win.cc(73)] ReadMemory at 0x7ffe52d30000 of 64 bytes failed: Only part of a ReadProcessMemory or WriteProcessMemory request was completed. (0x12B)
[0621/011414.358:WARNING:pe_image_reader.cc(340)] could not read dos header from C:\WINDOWS\SYSTEM32\UIAutomationCore.DLL
[0621/011414.358:ERROR:process_memory_win.cc(73)] ReadMemory at 0x7ffe5dd20000 of 64 bytes failed: Only part of a ReadProcessMemory or WriteProcessMemory request was completed. (0x12B)
[0621/011414.358:WARNING:pe_image_reader.cc(340)] could not read dos header from C:\WINDOWS\SYSTEM32\DWrite.dll
[0621/011414.358:ERROR:process_memory_win.cc(73)] ReadMemory at 0x7ffe6b810000 of 64 bytes failed: Only part of a ReadProcessMemory or WriteProcessMemory request was completed. (0x12B)
[0621/011414.358:WARNING:pe_image_reader.cc(340)] could not read dos header from C:\WINDOWS\SYSTEM32\WINSPOOL.DRV
[0621/011414.358:ERROR:process_memory_win.cc(73)] ReadMemory at 0x7ffe80fc0000 of 64 bytes failed: Only part of a ReadProcessMemory or WriteProcessMemory request was completed. (0x12B)
[0621/011414.358:WARNING:pe_image_reader.cc(340)] could not read dos header from C:\WINDOWS\System32\kernel.appcore.dll
[0621/011414.358:ERROR:process_memory_win.cc(73)] ReadMemory at 0x7ffe82100000 of 64 bytes failed: Only part of a ReadProcessMemory or WriteProcessMemory request was completed. (0x12B)
[0621/011414.358:WARNING:pe_image_reader.cc(340)] could not read dos header from C:\WINDOWS\System32\bcrypt.dll
[0621/011414.358:ERROR:process_memory_win.cc(73)] ReadMemory at 0x7ffe7b3d0000 of 64 bytes failed: Only part of a ReadProcessMemory or WriteProcessMemory request was completed. (0x12B)
[0621/011414.358:WARNING:pe_image_reader.cc(340)] could not read dos header from C:\WINDOWS\SYSTEM32\dbghelp.dll
[0621/011414.359:ERROR:process_memory_win.cc(73)] ReadMemory at 0x7ffe7b2e0000 of 64 bytes failed: Only part of a ReadProcessMemory or WriteProcessMemory request was completed. (0x12B)
[0621/011414.359:WARNING:pe_image_reader.cc(340)] could not read dos header from C:\WINDOWS\SYSTEM32\WINHTTP.dll
[0621/011414.359:ERROR:process_memory_win.cc(73)] ReadMemory at 0x7ffe73e70000 of 64 bytes failed: Only part of a ReadProcessMemory or WriteProcessMemory request was completed. (0x12B)
[0621/011414.359:WARNING:pe_image_reader.cc(340)] could not read dos header from C:\WINDOWS\SYSTEM32\dhcpcsvc.DLL
[0621/011414.359:ERROR:process_memory_win.cc(73)] ReadMemory at 0x7ffe82aa0000 of 64 bytes failed: Only part of a ReadProcessMemory or WriteProcessMemory request was completed. (0x12B)
[0621/011414.359:WARNING:pe_image_reader.cc(340)] could not read dos header from C:\WINDOWS\System32\NSI.dll
[0621/011414.359:ERROR:process_memory_win.cc(73)] ReadMemory at 0x7ffe7ea00000 of 64 bytes failed: Only part of a ReadProcessMemory or WriteProcessMemory request was completed. (0x12B)
[0621/011414.359:WARNING:pe_image_reader.cc(340)] could not read dos header from C:\WINDOWS\SYSTEM32\WINMMBASE.dll
[0621/011414.359:ERROR:process_memory_win.cc(73)] ReadMemory at 0x7ffe81140000 of 64 bytes failed: Only part of a ReadProcessMemory or WriteProcessMemory request was completed. (0x12B)
[0621/011414.359:WARNING:pe_image_reader.cc(340)] could not read dos header from C:\WINDOWS\System32\cfgmgr32.dll
[0621/011414.359:ERROR:process_memory_win.cc(73)] ReadMemory at 0x7ffe7d8d0000 of 64 bytes failed: Only part of a ReadProcessMemory or WriteProcessMemory request was completed. (0x12B)
[0621/011414.359:WARNING:pe_image_reader.cc(340)] could not read dos header from C:\WINDOWS\SYSTEM32\PROPSYS.dll
[0621/011414.359:ERROR:process_memory_win.cc(73)] ReadMemory at 0x7ffe823d0000 of 64 bytes failed: Only part of a ReadProcessMemory or WriteProcessMemory request was completed. (0x12B)
[0621/011414.359:WARNING:pe_image_reader.cc(340)] could not read dos header from C:\WINDOWS\System32\shcore.dll
[0621/011414.359:ERROR:process_memory_win.cc(73)] ReadMemory at 0x7ffe80e60000 of 64 bytes failed: Only part of a ReadProcessMemory or WriteProcessMemory request was completed. (0x12B)
[0621/011414.359:WARNING:pe_image_reader.cc(340)] could not read dos header from C:\WINDOWS\SYSTEM32\SSPICLI.DLL
[0621/011414.359:ERROR:process_memory_win.cc(73)] ReadMemory at 0x7ffe82e10000 of 64 bytes failed: Only part of a ReadProcessMemory or WriteProcessMemory request was completed. (0x12B)
[0621/011414.359:WARNING:pe_image_reader.cc(340)] could not read dos header from C:\WINDOWS\System32\SHELL32.dll
[0621/011414.359:ERROR:process_memory_win.cc(73)] ReadMemory at 0x7ffe81480000 of 64 bytes failed: Only part of a ReadProcessMemory or WriteProcessMemory request was completed. (0x12B)
[0621/011414.359:WARNING:pe_image_reader.cc(340)] could not read dos header from C:\WINDOWS\System32\windows.storage.dll
[0621/011414.359:ERROR:process_memory_win.cc(73)] ReadMemory at 0x7ffe80f50000 of 64 bytes failed: Only part of a ReadProcessMemory or WriteProcessMemory request was completed. (0x12B)
[0621/011414.359:WARNING:pe_image_reader.cc(340)] could not read dos header from C:\WINDOWS\System32\powrprof.dll
[0621/011414.360:ERROR:process_memory_win.cc(73)] ReadMemory at 0x7ffe80f40000 of 64 bytes failed: Only part of a ReadProcessMemory or WriteProcessMemory request was completed. (0x12B)
[0621/011414.360:WARNING:pe_image_reader.cc(340)] could not read dos header from C:\WINDOWS\System32\UMPDC.dll
[0621/011414.360:ERROR:process_memory_win.cc(73)] ReadMemory at 0x7ffe82370000 of 64 bytes failed: Only part of a ReadProcessMemory or WriteProcessMemory request was completed. (0x12B)
[0621/011414.360:WARNING:pe_image_reader.cc(340)] could not read dos header from C:\WINDOWS\System32\shlwapi.dll
[0621/011414.360:ERROR:process_memory_win.cc(73)] ReadMemory at 0x7ffe82ac0000 of 64 bytes failed: Only part of a ReadProcessMemory or WriteProcessMemory request was completed. (0x12B)
[0621/011414.360:WARNING:pe_image_reader.cc(340)] could not read dos header from C:\WINDOWS\System32\GDI32.dll
[0621/011414.360:ERROR:process_memory_win.cc(73)] ReadMemory at 0x7ffe81fb0000 of 64 bytes failed: Only part of a ReadProcessMemory or WriteProcessMemory request was completed. (0x12B)
[0621/011414.360:WARNING:pe_image_reader.cc(340)] could not read dos header from C:\WINDOWS\System32\win32u.dll
[0621/011414.360:ERROR:process_memory_win.cc(73)] ReadMemory at 0x7ffe81190000 of 64 bytes failed: Only part of a ReadProcessMemory or WriteProcessMemory request was completed. (0x12B)
[0621/011414.360:WARNING:pe_image_reader.cc(340)] could not read dos header from C:\WINDOWS\System32\gdi32full.dll
[0621/011414.360:ERROR:process_memory_win.cc(73)] ReadMemory at 0x7ffe83560000 of 64 bytes failed: Only part of a ReadProcessMemory or WriteProcessMemory request was completed. (0x12B)
[0621/011414.360:WARNING:pe_image_reader.cc(340)] could not read dos header from C:\WINDOWS\System32\USER32.dll
[0621/011414.360:ERROR:process_memory_win.cc(73)] ReadMemory at 0x7ffe820e0000 of 64 bytes failed: Only part of a ReadProcessMemory or WriteProcessMemory request was completed. (0x12B)
[0621/011414.360:WARNING:pe_image_reader.cc(340)] could not read dos header from C:\WINDOWS\System32\cryptsp.dll
[0621/011414.360:ERROR:process_memory_win.cc(73)] ReadMemory at 0x7ffe82b60000 of 64 bytes failed: Only part of a ReadProcessMemory or WriteProcessMemory request was completed. (0x12B)
[0621/011414.360:WARNING:pe_image_reader.cc(340)] could not read dos header from C:\WINDOWS\System32\IMM32.DLL
[0621/011414.360:ERROR:process_memory_win.cc(73)] ReadMemory at 0x7ffe80980000 of 64 bytes failed: Only part of a ReadProcessMemory or WriteProcessMemory request was completed. (0x12B)
[0621/011414.360:WARNING:pe_image_reader.cc(340)] could not read dos header from C:\WINDOWS\SYSTEM32\CRYPTBASE.DLL
[0621/011414.360:ERROR:process_memory_win.cc(73)] ReadMemory at 0x7ffe73e90000 of 64 bytes failed: Only part of a ReadProcessMemory or WriteProcessMemory request was completed. (0x12B)
[0621/011414.360:WARNING:pe_image_reader.cc(340)] could not read dos header from C:\WINDOWS\SYSTEM32\dhcpcsvc6.DLL
[0621/011414.360:ERROR:process_memory_win.cc(73)] ReadMemory at 0x7ffe7d740000 of 64 bytes failed: Only part of a ReadProcessMemory or WriteProcessMemory request was completed. (0x12B)
[0621/011414.360:WARNING:pe_image_reader.cc(340)] could not read dos header from C:\WINDOWS\system32\NLAapi.dll
[0621/011414.360:ERROR:process_memory_win.cc(73)] ReadMemory at 0x7ffe80500000 of 64 bytes failed: Only part of a ReadProcessMemory or WriteProcessMemory request was completed. (0x12B)
[0621/011414.360:WARNING:pe_image_reader.cc(340)] could not read dos header from C:\WINDOWS\SYSTEM32\DNSAPI.dll
[0621/011414.360:ERROR:process_memory_win.cc(73)] ReadMemory at 0x7ffe730b0000 of 64 bytes failed: Only part of a ReadProcessMemory or WriteProcessMemory request was completed. (0x12B)
[0621/011414.361:WARNING:pe_image_reader.cc(340)] could not read dos header from C:\WINDOWS\SYSTEM32\wlanapi.dll
[0621/011414.361:ERROR:process_memory_win.cc(73)] ReadMemory at 0x7ffe807b0000 of 64 bytes failed: Only part of a ReadProcessMemory or WriteProcessMemory request was completed. (0x12B)
[0621/011414.361:WARNING:pe_image_reader.cc(340)] could not read dos header from C:\WINDOWS\system32\mswsock.dll
[0621/011414.361:ERROR:process_memory_win.cc(73)] ReadMemory at 0x7ffe76250000 of 64 bytes failed: Only part of a ReadProcessMemory or WriteProcessMemory request was completed. (0x12B)
[0621/011414.361:WARNING:pe_image_reader.cc(340)] could not read dos header from C:\Windows\System32\rasadhlp.dll
[0621/011414.361:ERROR:process_memory_win.cc(73)] ReadMemory at 0x7ffe73b60000 of 64 bytes failed: Only part of a ReadProcessMemory or WriteProcessMemory request was completed. (0x12B)
[0621/011414.361:WARNING:pe_image_reader.cc(340)] could not read dos header from C:\WINDOWS\System32\fwpuclnt.dll
[0621/011414.361:ERROR:process_memory_win.cc(73)] ReadMemory at 0x7ffe80320000 of 64 bytes failed: Only part of a ReadProcessMemory or WriteProcessMemory request was completed. (0x12B)
[0621/011414.361:WARNING:pe_image_reader.cc(340)] could not read dos header from C:\WINDOWS\system32\rsaenh.dll
[0621/011414.361:ERROR:process_memory_win.cc(73)] ReadMemory at 0x7ffe7fb60000 of 64 bytes failed: Only part of a ReadProcessMemory or WriteProcessMemory request was completed. (0x12B)
[0621/011414.361:WARNING:pe_image_reader.cc(340)] could not read dos header from C:\WINDOWS\SYSTEM32\gpapi.dll
[0621/011414.361:ERROR:process_memory_win.cc(73)] ReadMemory at 0x7ffe5f580000 of 64 bytes failed: Only part of a ReadProcessMemory or WriteProcessMemory request was completed. (0x12B)
[0621/011414.361:WARNING:pe_image_reader.cc(340)] could not read dos header from C:\Windows\System32\cryptnet.dll
[0621/011414.361:ERROR:process_memory_win.cc(73)] ReadMemory at 0x7ff7eda40000 of 64 bytes failed: Only part of a ReadProcessMemory or WriteProcessMemory request was completed. (0x12B)
[0621/011414.361:WARNING:pe_image_reader.cc(340)] could not read dos header from C:\Program Files (x86)\Google\Chrome\Application\chrome.exe
[0621/011414.361:ERROR:process_memory_win.cc(73)] ReadMemory at 0x7ffe84080000 of 64 bytes failed: Only part of a ReadProcessMemory or WriteProcessMemory request was completed. (0x12B)
[0621/011414.361:WARNING:pe_image_reader.cc(340)] could not read dos header from C:\WINDOWS\SYSTEM32\ntdll.dll
[0621/011414.361:ERROR:process_memory_win.cc(73)] ReadMemory at 0x7ffe82870000 of 64 bytes failed: Only part of a ReadProcessMemory or WriteProcessMemory request was completed. (0x12B)
[0621/011414.361:WARNING:pe_image_reader.cc(340)] could not read dos header from C:\WINDOWS\System32\KERNEL32.DLL
[0621/011414.361:ERROR:process_memory_win.cc(73)] ReadMemory at 0x7ffe81d00000 of 64 bytes failed: Only part of a ReadProcessMemory or WriteProcessMemory request was completed. (0x12B)
[0621/011414.361:WARNING:pe_image_reader.cc(340)] could not read dos header from C:\WINDOWS\System32\KERNELBASE.dll
[0621/011414.361:ERROR:process_memory_win.cc(73)] ReadMemory at 0x7ffe5f830000 of 64 bytes failed: Only part of a ReadProcessMemory or WriteProcessMemory request was completed. (0x12B)
[0621/011414.361:WARNING:pe_image_reader.cc(340)] could not read dos header from C:\Program Files (x86)\Google\Chrome\Application\83.0.4103.106\chrome_elf.dll
[0621/011414.361:ERROR:process_memory_win.cc(73)] ReadMemory at 0x7ffe6bb70000 of 64 bytes failed: Only part of a ReadProcessMemory or WriteProcessMemory request was completed. (0x12B)
[0621/011414.362:WARNING:pe_image_reader.cc(340)] could not read dos header from C:\WINDOWS\SYSTEM32\VERSION.dll
[0621/011414.362:ERROR:process_memory_win.cc(73)] ReadMemory at 0x7ffe82cd0000 of 64 bytes failed: Only part of a ReadProcessMemory or WriteProcessMemory request was completed. (0x12B)
[0621/011414.362:WARNING:pe_image_reader.cc(340)] could not read dos header from C:\WINDOWS\System32\msvcrt.dll
[0621/011414.362:ERROR:process_memory_win.cc(73)] ReadMemory at 0x7ffe810c0000 of 64 bytes failed: Only part of a ReadProcessMemory or WriteProcessMemory request was completed. (0x12B)
[0621/011414.362:WARNING:pe_image_reader.cc(340)] could not read dos header from C:\WINDOWS\System32\bcryptPrimitives.dll
[0621/011414.362:ERROR:process_memory_win.cc(73)] ReadMemory at 0x7ffe82480000 of 64 bytes failed: Only part of a ReadProcessMemory or WriteProcessMemory request was completed. (0x12B)
[0621/011414.362:WARNING:pe_image_reader.cc(340)] could not read dos header from C:\WINDOWS\System32\ADVAPI32.dll
[0621/011414.362:ERROR:process_memory_win.cc(73)] ReadMemory at 0x7ffe82d70000 of 64 bytes failed: Only part of a ReadProcessMemory or WriteProcessMemory request was completed. (0x12B)
[0621/011414.362:WARNING:pe_image_reader.cc(340)] could not read dos header from C:\WINDOWS\System32\sechost.dll
[0621/011414.362:ERROR:process_memory_win.cc(73)] ReadMemory at 0x7ffe83700000 of 64 bytes failed: Only part of a ReadProcessMemory or WriteProcessMemory request was completed. (0x12B)
[0621/011414.362:WARNING:pe_image_reader.cc(340)] could not read dos header from C:\WINDOWS\System32\RPCRT4.dll
[0621/011414.362:ERROR:process_memory_win.cc(73)] ReadMemory at 0x7ffe3b910000 of 64 bytes failed: Only part of a ReadProcessMemory or WriteProcessMemory request was completed. (0x12B)
[0621/011414.362:WARNING:pe_image_reader.cc(340)] could not read dos header from C:\Program Files (x86)\Google\Chrome\Application\83.0.4103.106\chrome.dll
[0621/011414.362:ERROR:process_memory_win.cc(73)] ReadMemory at 0x7ffe82af0000 of 64 bytes failed: Only part of a ReadProcessMemory or WriteProcessMemory request was completed. (0x12B)
[0621/011414.362:WARNING:pe_image_reader.cc(340)] could not read dos header from C:\WINDOWS\System32\WS2_32.dll
[0621/011414.362:ERROR:process_memory_win.cc(73)] ReadMemory at 0x7ffe82130000 of 64 bytes failed: Only part of a ReadProcessMemory or WriteProcessMemory request was completed. (0x12B)
[0621/011414.362:WARNING:pe_image_reader.cc(340)] could not read dos header from C:\WINDOWS\System32\OLEAUT32.dll
[0621/011414.362:ERROR:process_memory_win.cc(73)] ReadMemory at 0x7ffe81c60000 of 64 bytes failed: Only part of a ReadProcessMemory or WriteProcessMemory request was completed. (0x12B)
[0621/011414.362:WARNING:pe_image_reader.cc(340)] could not read dos header from C:\WINDOWS\System32\msvcp_win.dll
[0621/011414.362:ERROR:process_memory_win.cc(73)] ReadMemory at 0x7ffe81fe0000 of 64 bytes failed: Only part of a ReadProcessMemory or WriteProcessMemory request was completed. (0x12B)
[0621/011414.362:WARNING:pe_image_reader.cc(340)] could not read dos header from C:\WINDOWS\System32\ucrtbase.dll
[0621/011414.362:ERROR:process_memory_win.cc(73)] ReadMemory at 0x7ffe82530000 of 64 bytes failed: Only part of a ReadProcessMemory or WriteProcessMemory request was completed. (0x12B)
[0621/011414.362:WARNING:pe_image_reader.cc(340)] could not read dos header from C:\WINDOWS\System32\combase.dll
[0621/011414.362:ERROR:process_memory_win.cc(73)] ReadMemory at 0x7ffe81c00000 of 64 bytes failed: Only part of a ReadProcessMemory or WriteProcessMemory request was completed. (0x12B)
[0621/011414.362:WARNING:pe_image_reader.cc(340)] could not read dos header from C:\WINDOWS\System32\WINTRUST.dll
[0621/011414.362:ERROR:process_memory_win.cc(73)] ReadMemory at 0x7ffe80fa0000 of 64 bytes failed: Only part of a ReadProcessMemory or WriteProcessMemory request was completed. (0x12B)
[0621/011414.362:WARNING:pe_image_reader.cc(340)] could not read dos header from C:\WINDOWS\System32\MSASN1.dll
[0621/011414.363:ERROR:process_memory_win.cc(73)] ReadMemory at 0x7ffe81330000 of 64 bytes failed: Only part of a ReadProcessMemory or WriteProcessMemory request was completed. (0x12B)
[0621/011414.363:WARNING:pe_image_reader.cc(340)] could not read dos header from C:\WINDOWS\System32\CRYPT32.dll
[0621/011414.363:ERROR:process_memory_win.cc(73)] ReadMemory at 0x7ffe804c0000 of 64 bytes failed: Only part of a ReadProcessMemory or WriteProcessMemory request was completed. (0x12B)
[0621/011414.363:WARNING:pe_image_reader.cc(340)] could not read dos header from C:\WINDOWS\SYSTEM32\IPHLPAPI.DLL
[0621/011414.363:ERROR:process_memory_win.cc(73)] ReadMemory at 0x7ffe7ea30000 of 64 bytes failed: Only part of a ReadProcessMemory or WriteProcessMemory request was completed. (0x12B)
[0621/011414.363:WARNING:pe_image_reader.cc(340)] could not read dos header from C:\WINDOWS\SYSTEM32\WINMM.dll
[0621/011414.363:ERROR:process_memory_win.cc(73)] ReadMemory at 0x7ffe6a5c0000 of 64 bytes failed: Only part of a ReadProcessMemory or WriteProcessMemory request was completed. (0x12B)
[0621/011414.363:WARNING:pe_image_reader.cc(340)] could not read dos header from C:\WINDOWS\SYSTEM32\Secur32.dll
[0621/011414.363:ERROR:process_memory_win.cc(73)] ReadMemory at 0x7ffe80e30000 of 64 bytes failed: Only part of a ReadProcessMemory or WriteProcessMemory request was completed. (0x12B)
[0621/011414.363:WARNING:pe_image_reader.cc(340)] could not read dos header from C:\WINDOWS\SYSTEM32\USERENV.dll
[0621/011414.363:ERROR:process_memory_win.cc(73)] ReadMemory at 0x7ffe80fe0000 of 64 bytes failed: Only part of a ReadProcessMemory or WriteProcessMemory request was completed. (0x12B)
[0621/011414.363:WARNING:pe_image_reader.cc(340)] could not read dos header from C:\WINDOWS\System32\profapi.dll
[0621/011414.363:ERROR:process_memory_win.cc(73)] ReadMemory at 0x7ffe52d30000 of 64 bytes failed: Only part of a ReadProcessMemory or WriteProcessMemory request was completed. (0x12B)
[0621/011414.363:WARNING:pe_image_reader.cc(340)] could not read dos header from C:\WINDOWS\SYSTEM32\UIAutomationCore.DLL
[0621/011414.363:ERROR:process_memory_win.cc(73)] ReadMemory at 0x7ffe5dd20000 of 64 bytes failed: Only part of a ReadProcessMemory or WriteProcessMemory request was completed. (0x12B)
[0621/011414.363:WARNING:pe_image_reader.cc(340)] could not read dos header from C:\WINDOWS\SYSTEM32\DWrite.dll
[0621/011414.363:ERROR:process_memory_win.cc(73)] ReadMemory at 0x7ffe6b810000 of 64 bytes failed: Only part of a ReadProcessMemory or WriteProcessMemory request was completed. (0x12B)
[0621/011414.363:WARNING:pe_image_reader.cc(340)] could not read dos header from C:\WINDOWS\SYSTEM32\WINSPOOL.DRV
[0621/011414.363:ERROR:process_memory_win.cc(73)] ReadMemory at 0x7ffe80fc0000 of 64 bytes failed: Only part of a ReadProcessMemory or WriteProcessMemory request was completed. (0x12B)
[0621/011414.363:WARNING:pe_image_reader.cc(340)] could not read dos header from C:\WINDOWS\System32\kernel.appcore.dll
[0621/011414.363:ERROR:process_memory_win.cc(73)] ReadMemory at 0x7ffe82100000 of 64 bytes failed: Only part of a ReadProcessMemory or WriteProcessMemory request was completed. (0x12B)
[0621/011414.363:WARNING:pe_image_reader.cc(340)] could not read dos header from C:\WINDOWS\System32\bcrypt.dll
[0621/011414.363:ERROR:process_memory_win.cc(73)] ReadMemory at 0x7ffe7b3d0000 of 64 bytes failed: Only part of a ReadProcessMemory or WriteProcessMemory request was completed. (0x12B)
[0621/011414.363:WARNING:pe_image_reader.cc(340)] could not read dos header from C:\WINDOWS\SYSTEM32\dbghelp.dll
[0621/011414.363:ERROR:process_memory_win.cc(73)] ReadMemory at 0x7ffe7b2e0000 of 64 bytes failed: Only part of a ReadProcessMemory or WriteProcessMemory request was completed. (0x12B)
[0621/011414.363:WARNING:pe_image_reader.cc(340)] could not read dos header from C:\WINDOWS\SYSTEM32\WINHTTP.dll
[0621/011414.363:ERROR:process_memory_win.cc(73)] ReadMemory at 0x7ffe73e70000 of 64 bytes failed: Only part of a ReadProcessMemory or WriteProcessMemory request was completed. (0x12B)
[0621/011414.363:WARNING:pe_image_reader.cc(340)] could not read dos header from C:\WINDOWS\SYSTEM32\dhcpcsvc.DLL
[0621/011414.363:ERROR:process_memory_win.cc(73)] ReadMemory at 0x7ffe82aa0000 of 64 bytes failed: Only part of a ReadProcessMemory or WriteProcessMemory request was completed. (0x12B)
[0621/011414.364:WARNING:pe_image_reader.cc(340)] could not read dos header from C:\WINDOWS\System32\NSI.dll
[0621/011414.364:ERROR:process_memory_win.cc(73)] ReadMemory at 0x7ffe7ea00000 of 64 bytes failed: Only part of a ReadProcessMemory or WriteProcessMemory request was completed. (0x12B)
[0621/011414.364:WARNING:pe_image_reader.cc(340)] could not read dos header from C:\WINDOWS\SYSTEM32\WINMMBASE.dll
[0621/011414.364:ERROR:process_memory_win.cc(73)] ReadMemory at 0x7ffe81140000 of 64 bytes failed: Only part of a ReadProcessMemory or WriteProcessMemory request was completed. (0x12B)
[0621/011414.364:WARNING:pe_image_reader.cc(340)] could not read dos header from C:\WINDOWS\System32\cfgmgr32.dll
[0621/011414.364:ERROR:process_memory_win.cc(73)] ReadMemory at 0x7ffe7d8d0000 of 64 bytes failed: Only part of a ReadProcessMemory or WriteProcessMemory request was completed. (0x12B)
[0621/011414.364:WARNING:pe_image_reader.cc(340)] could not read dos header from C:\WINDOWS\SYSTEM32\PROPSYS.dll
[0621/011414.364:ERROR:process_memory_win.cc(73)] ReadMemory at 0x7ffe823d0000 of 64 bytes failed: Only part of a ReadProcessMemory or WriteProcessMemory request was completed. (0x12B)
[0621/011414.364:WARNING:pe_image_reader.cc(340)] could not read dos header from C:\WINDOWS\System32\shcore.dll
[0621/011414.364:ERROR:process_memory_win.cc(73)] ReadMemory at 0x7ffe80e60000 of 64 bytes failed: Only part of a ReadProcessMemory or WriteProcessMemory request was completed. (0x12B)
[0621/011414.364:WARNING:pe_image_reader.cc(340)] could not read dos header from C:\WINDOWS\SYSTEM32\SSPICLI.DLL
[0621/011414.364:ERROR:process_memory_win.cc(73)] ReadMemory at 0x7ffe82e10000 of 64 bytes failed: Only part of a ReadProcessMemory or WriteProcessMemory request was completed. (0x12B)
[0621/011414.364:WARNING:pe_image_reader.cc(340)] could not read dos header from C:\WINDOWS\System32\SHELL32.dll
[0621/011414.364:ERROR:process_memory_win.cc(73)] ReadMemory at 0x7ffe81480000 of 64 bytes failed: Only part of a ReadProcessMemory or WriteProcessMemory request was completed. (0x12B)
[0621/011414.364:WARNING:pe_image_reader.cc(340)] could not read dos header from C:\WINDOWS\System32\windows.storage.dll
[0621/011414.364:ERROR:process_memory_win.cc(73)] ReadMemory at 0x7ffe80f50000 of 64 bytes failed: Only part of a ReadProcessMemory or WriteProcessMemory request was completed. (0x12B)
[0621/011414.364:WARNING:pe_image_reader.cc(340)] could not read dos header from C:\WINDOWS\System32\powrprof.dll
[0621/011414.364:ERROR:process_memory_win.cc(73)] ReadMemory at 0x7ffe80f40000 of 64 bytes failed: Only part of a ReadProcessMemory or WriteProcessMemory request was completed. (0x12B)
[0621/011414.364:WARNING:pe_image_reader.cc(340)] could not read dos header from C:\WINDOWS\System32\UMPDC.dll
[0621/011414.364:ERROR:process_memory_win.cc(73)] ReadMemory at 0x7ffe82370000 of 64 bytes failed: Only part of a ReadProcessMemory or WriteProcessMemory request was completed. (0x12B)
[0621/011414.364:WARNING:pe_image_reader.cc(340)] could not read dos header from C:\WINDOWS\System32\shlwapi.dll
[0621/011414.364:ERROR:process_memory_win.cc(73)] ReadMemory at 0x7ffe82ac0000 of 64 bytes failed: Only part of a ReadProcessMemory or WriteProcessMemory request was completed. (0x12B)
[0621/011414.364:WARNING:pe_image_reader.cc(340)] could not read dos header from C:\WINDOWS\System32\GDI32.dll
[0621/011414.364:ERROR:process_memory_win.cc(73)] ReadMemory at 0x7ffe81fb0000 of 64 bytes failed: Only part of a ReadProcessMemory or WriteProcessMemory request was completed. (0x12B)
[0621/011414.364:WARNING:pe_image_reader.cc(340)] could not read dos header from C:\WINDOWS\System32\win32u.dll
[0621/011414.364:ERROR:process_memory_win.cc(73)] ReadMemory at 0x7ffe81190000 of 64 bytes failed: Only part of a ReadProcessMemory or WriteProcessMemory request was completed. (0x12B)
[0621/011414.365:WARNING:pe_image_reader.cc(340)] could not read dos header from C:\WINDOWS\System32\gdi32full.dll
[0621/011414.365:ERROR:process_memory_win.cc(73)] ReadMemory at 0x7ffe83560000 of 64 bytes failed: Only part of a ReadProcessMemory or WriteProcessMemory request was completed. (0x12B)
[0621/011414.365:WARNING:pe_image_reader.cc(340)] could not read dos header from C:\WINDOWS\System32\USER32.dll
[0621/011414.365:ERROR:process_memory_win.cc(73)] ReadMemory at 0x7ffe820e0000 of 64 bytes failed: Only part of a ReadProcessMemory or WriteProcessMemory request was completed. (0x12B)
[0621/011414.365:WARNING:pe_image_reader.cc(340)] could not read dos header from C:\WINDOWS\System32\cryptsp.dll
[0621/011414.365:ERROR:process_memory_win.cc(73)] ReadMemory at 0x7ffe82b60000 of 64 bytes failed: Only part of a ReadProcessMemory or WriteProcessMemory request was completed. (0x12B)
[0621/011414.365:WARNING:pe_image_reader.cc(340)] could not read dos header from C:\WINDOWS\System32\IMM32.DLL
[0621/011414.365:ERROR:process_memory_win.cc(73)] ReadMemory at 0x7ffe80980000 of 64 bytes failed: Only part of a ReadProcessMemory or WriteProcessMemory request was completed. (0x12B)
[0621/011414.365:WARNING:pe_image_reader.cc(340)] could not read dos header from C:\WINDOWS\SYSTEM32\CRYPTBASE.DLL
[0621/011414.365:ERROR:process_memory_win.cc(73)] ReadMemory at 0x7ffe73e90000 of 64 bytes failed: Only part of a ReadProcessMemory or WriteProcessMemory request was completed. (0x12B)
[0621/011414.365:WARNING:pe_image_reader.cc(340)] could not read dos header from C:\WINDOWS\SYSTEM32\dhcpcsvc6.DLL
[0621/011414.365:ERROR:process_memory_win.cc(73)] ReadMemory at 0x7ffe7d740000 of 64 bytes failed: Only part of a ReadProcessMemory or WriteProcessMemory request was completed. (0x12B)
[0621/011414.365:WARNING:pe_image_reader.cc(340)] could not read dos header from C:\WINDOWS\system32\NLAapi.dll
[0621/011414.365:ERROR:process_memory_win.cc(73)] ReadMemory at 0x7ffe80500000 of 64 bytes failed: Only part of a ReadProcessMemory or WriteProcessMemory request was completed. (0x12B)
[0621/011414.365:WARNING:pe_image_reader.cc(340)] could not read dos header from C:\WINDOWS\SYSTEM32\DNSAPI.dll
[0621/011414.365:ERROR:process_memory_win.cc(73)] ReadMemory at 0x7ffe730b0000 of 64 bytes failed: Only part of a ReadProcessMemory or WriteProcessMemory request was completed. (0x12B)
[0621/011414.365:WARNING:pe_image_reader.cc(340)] could not read dos header from C:\WINDOWS\SYSTEM32\wlanapi.dll
[0621/011414.365:ERROR:process_memory_win.cc(73)] ReadMemory at 0x7ffe807b0000 of 64 bytes failed: Only part of a ReadProcessMemory or WriteProcessMemory request was completed. (0x12B)
[0621/011414.365:WARNING:pe_image_reader.cc(340)] could not read dos header from C:\WINDOWS\system32\mswsock.dll
[0621/011414.365:ERROR:process_memory_win.cc(73)] ReadMemory at 0x7ffe76250000 of 64 bytes failed: Only part of a ReadProcessMemory or WriteProcessMemory request was completed. (0x12B)
[0621/011414.365:WARNING:pe_image_reader.cc(340)] could not read dos header from C:\Windows\System32\rasadhlp.dll
[0621/011414.365:ERROR:process_memory_win.cc(73)] ReadMemory at 0x7ffe73b60000 of 64 bytes failed: Only part of a ReadProcessMemory or WriteProcessMemory request was completed. (0x12B)
[0621/011414.365:WARNING:pe_image_reader.cc(340)] could not read dos header from C:\WINDOWS\System32\fwpuclnt.dll
[0621/011414.365:ERROR:process_memory_win.cc(73)] ReadMemory at 0x7ffe80320000 of 64 bytes failed: Only part of a ReadProcessMemory or WriteProcessMemory request was completed. (0x12B)
[0621/011414.365:WARNING:pe_image_reader.cc(340)] could not read dos header from C:\WINDOWS\system32\rsaenh.dll
[0621/011414.365:ERROR:process_memory_win.cc(73)] ReadMemory at 0x7ffe7fb60000 of 64 bytes failed: Only part of a ReadProcessMemory or WriteProcessMemory request was completed. (0x12B)
[0621/011414.365:WARNING:pe_image_reader.cc(340)] could not read dos header from C:\WINDOWS\SYSTEM32\gpapi.dll
[0621/011414.366:ERROR:process_memory_win.cc(73)] ReadMemory at 0x7ffe5f580000 of 64 bytes failed: Only part of a ReadProcessMemory or WriteProcessMemory request was completed. (0x12B)
[0621/011414.366:WARNING:pe_image_reader.cc(340)] could not read dos header from C:\Windows\System32\cryptnet.dll
[0621/011414.374:ERROR:process_memory_win.cc(73)] ReadMemory at 0xc2087fa000 of 24576 bytes failed: Only part of a ReadProcessMemory or WriteProcessMemory request was completed. (0x12B)
[0621/011414.374:ERROR:process_memory_win.cc(73)] ReadMemory at 0xc208ffe000 of 8192 bytes failed: Only part of a ReadProcessMemory or WriteProcessMemory request was completed. (0x12B)
[0621/011414.374:ERROR:process_memory_win.cc(73)] ReadMemory at 0xc2097ff000 of 4096 bytes failed: Only part of a ReadProcessMemory or WriteProcessMemory request was completed. (0x12B)
[0621/011414.374:ERROR:process_memory_win.cc(73)] ReadMemory at 0xc209ffe000 of 8192 bytes failed: Only part of a ReadProcessMemory or WriteProcessMemory request was completed. (0x12B)
[0621/011414.374:ERROR:process_memory_win.cc(73)] ReadMemory at 0xc20a7fd000 of 12288 bytes failed: Only part of a ReadProcessMemory or WriteProcessMemory request was completed. (0x12B)
[0621/011414.375:ERROR:process_memory_win.cc(73)] ReadMemory at 0xc20affa000 of 24576 bytes failed: Only part of a ReadProcessMemory or WriteProcessMemory request was completed. (0x12B)
[0621/011414.375:ERROR:process_memory_win.cc(73)] ReadMemory at 0xc20b7fd000 of 12288 bytes failed: Only part of a ReadProcessMemory or WriteProcessMemory request was completed. (0x12B)
[0621/011414.375:ERROR:process_memory_win.cc(73)] ReadMemory at 0xc20bff8000 of 32768 bytes failed: Only part of a ReadProcessMemory or WriteProcessMemory request was completed. (0x12B)
[0621/011414.375:ERROR:process_memory_win.cc(73)] ReadMemory at 0xc20c7fe000 of 8192 bytes failed: Only part of a ReadProcessMemory or WriteProcessMemory request was completed. (0x12B)
[0621/011414.375:ERROR:process_memory_win.cc(73)] ReadMemory at 0xc20cffa000 of 24576 bytes failed: Only part of a ReadProcessMemory or WriteProcessMemory request was completed. (0x12B)
[0621/011414.375:ERROR:process_memory_win.cc(73)] ReadMemory at 0xc20d7fb000 of 20480 bytes failed: Only part of a ReadProcessMemory or WriteProcessMemory request was completed. (0x12B)
[0621/011414.375:ERROR:process_memory_win.cc(73)] ReadMemory at 0xc20e7fe000 of 8192 bytes failed: Only part of a ReadProcessMemory or WriteProcessMemory request was completed. (0x12B)
[0621/011414.375:ERROR:process_memory_win.cc(73)] ReadMemory at 0xc20effe000 of 8192 bytes failed: Only part of a ReadProcessMemory or WriteProcessMemory request was completed. (0x12B)
[0621/011414.375:ERROR:process_memory_win.cc(73)] ReadMemory at 0xc20dffc000 of 16384 bytes failed: Only part of a ReadProcessMemory or WriteProcessMemory request was completed. (0x12B)
[0621/011414.375:ERROR:process_memory_win.cc(73)] ReadMemory at 0xc20f7fa000 of 24576 bytes failed: Only part of a ReadProcessMemory or WriteProcessMemory request was completed. (0x12B)
[0621/011414.375:ERROR:process_memory_win.cc(73)] ReadMemory at 0xc20fffb000 of 20480 bytes failed: Only part of a ReadProcessMemory or WriteProcessMemory request was completed. (0x12B)
[0621/011414.375:ERROR:process_memory_win.cc(73)] ReadMemory at 0xc2107fe000 of 8192 bytes failed: Only part of a ReadProcessMemory or WriteProcessMemory request was completed. (0x12B)
[0621/011414.376:ERROR:process_memory_win.cc(73)] ReadMemory at 0xc210ffb000 of 20480 bytes failed: Only part of a ReadProcessMemory or WriteProcessMemory request was completed. (0x12B)
[0621/011414.376:ERROR:process_memory_win.cc(73)] ReadMemory at 0xc207f56000 of 852 bytes failed: Only part of a ReadProcessMemory or WriteProcessMemory request was completed. (0x12B)
[0621/011414.376:ERROR:process_memory_win.cc(73)] ReadMemory at 0xc207f57000 of 6024 bytes failed: Only part of a ReadProcessMemory or WriteProcessMemory request was completed. (0x12B)
[0621/011414.376:ERROR:process_memory_win.cc(73)] ReadMemory at 0xc207f59000 of 6024 bytes failed: Only part of a ReadProcessMemory or WriteProcessMemory request was completed. (0x12B)
[0621/011414.376:ERROR:process_memory_win.cc(73)] ReadMemory at 0xc207f5b000 of 6024 bytes failed: Only part of a ReadProcessMemory or WriteProcessMemory request was completed. (0x12B)
[0621/011414.376:ERROR:process_memory_win.cc(73)] ReadMemory at 0xc207f5d000 of 6024 bytes failed: Only part of a ReadProcessMemory or WriteProcessMemory request was completed. (0x12B)
[0621/011414.376:ERROR:process_memory_win.cc(73)] ReadMemory at 0xc207f5f000 of 6024 bytes failed: Only part of a ReadProcessMemory or WriteProcessMemory request was completed. (0x12B)
[0621/011414.376:ERROR:process_memory_win.cc(73)] ReadMemory at 0xc207f61000 of 6024 bytes failed: Only part of a ReadProcessMemory or WriteProcessMemory request was completed. (0x12B)
[0621/011414.376:ERROR:process_memory_win.cc(73)] ReadMemory at 0xc207f63000 of 6024 bytes failed: Only part of a ReadProcessMemory or WriteProcessMemory request was completed. (0x12B)
[0621/011414.376:ERROR:process_memory_win.cc(73)] ReadMemory at 0xc207f65000 of 6024 bytes failed: Only part of a ReadProcessMemory or WriteProcessMemory request was completed. (0x12B)
[0621/011414.376:ERROR:process_memory_win.cc(73)] ReadMemory at 0xc207f67000 of 6024 bytes failed: Only part of a ReadProcessMemory or WriteProcessMemory request was completed. (0x12B)
[0621/011414.377:ERROR:process_memory_win.cc(73)] ReadMemory at 0xc207f69000 of 6024 bytes failed: Only part of a ReadProcessMemory or WriteProcessMemory request was completed. (0x12B)
[0621/011414.377:ERROR:process_memory_win.cc(73)] ReadMemory at 0xc207f6b000 of 6024 bytes failed: Only part of a ReadProcessMemory or WriteProcessMemory request was completed. (0x12B)
[0621/011414.377:ERROR:process_memory_win.cc(73)] ReadMemory at 0xc207f6f000 of 6024 bytes failed: Only part of a ReadProcessMemory or WriteProcessMemory request was completed. (0x12B)
[0621/011414.377:ERROR:process_memory_win.cc(73)] ReadMemory at 0xc207f71000 of 6024 bytes failed: Only part of a ReadProcessMemory or WriteProcessMemory request was completed. (0x12B)
[0621/011414.377:ERROR:process_memory_win.cc(73)] ReadMemory at 0xc207f73000 of 6024 bytes failed: Only part of a ReadProcessMemory or WriteProcessMemory request was completed. (0x12B)
[0621/011414.377:ERROR:process_memory_win.cc(73)] ReadMemory at 0xc207f75000 of 6024 bytes failed: Only part of a ReadProcessMemory or WriteProcessMemory request was completed. (0x12B)
[0621/011414.377:ERROR:process_memory_win.cc(73)] ReadMemory at 0xc207f77000 of 6024 bytes failed: Only part of a ReadProcessMemory or WriteProcessMemory request was completed. (0x12B)
[0621/011414.377:ERROR:process_memory_win.cc(73)] ReadMemory at 0xc207f79000 of 6024 bytes failed: Only part of a ReadProcessMemory or WriteProcessMemory request was completed. (0x12B)
[0621/011414.377:ERROR:process_memory_win.cc(73)] ReadMemory at 0xc207f7b000 of 6024 bytes failed: Only part of a ReadProcessMemory or WriteProcessMemory request was completed. (0x12B)
[0621/011414.377:ERROR:process_memory_win.cc(73)] ReadMemory at 0x217e0780ad0 of 512 bytes failed: Only part of a ReadProcessMemory or WriteProcessMemory request was completed. (0x12B)
[0621/011414.377:ERROR:process_memory_win.cc(73)] ReadMemory at 0x217e0780fe0 of 8104 bytes failed: Only part of a ReadProcessMemory or WriteProcessMemory request was completed. (0x12B)
[0621/011414.377:ERROR:process_memory_win.cc(73)] ReadMemory at 0x217e0782f90 of 1012 bytes failed: Only part of a ReadProcessMemory or WriteProcessMemory request was completed. (0x12B)
[0621/011414.378:ERROR:process_memory_win.cc(73)] ReadMemory at 0x217e07835d8 of 118 bytes failed: Only part of a ReadProcessMemory or WriteProcessMemory request was completed. (0x12B)
[0621/011414.378:ERROR:process_memory_win.cc(73)] ReadMemory at 0x217e0783650 of 826 bytes failed: Only part of a ReadProcessMemory or WriteProcessMemory request was completed. (0x12B)
[0621/011414.378:ERROR:process_memory_win.cc(73)] ReadMemory at 0x217e078398c of 118 bytes failed: Only part of a ReadProcessMemory or WriteProcessMemory request was completed. (0x12B)
[0621/011414.378:ERROR:process_memory_win.cc(73)] ReadMemory at 0x217e0783a04 of 30 bytes failed: Only part of a ReadProcessMemory or WriteProcessMemory request was completed. (0x12B)
[0621/011414.378:ERROR:process_memory_win.cc(73)] ReadMemory at 0x217e0783a30 of 58 bytes failed: Only part of a ReadProcessMemory or WriteProcessMemory request was completed. (0x12B)
[0621/011414.378:ERROR:process_memory_win.cc(73)] ReadMemory at 0x217e0783b30 of 132 bytes failed: Only part of a ReadProcessMemory or WriteProcessMemory request was completed. (0x12B)
[0621/011414.378:ERROR:process_memory_win.cc(73)] ReadMemory at 0x217e0783cc0 of 132 bytes failed: Only part of a ReadProcessMemory or WriteProcessMemory request was completed. (0x12B)
[0621/011414.378:ERROR:process_memory_win.cc(73)] ReadMemory at 0x217e0783e80 of 126 bytes failed: Only part of a ReadProcessMemory or WriteProcessMemory request was completed. (0x12B)
[0621/011414.378:ERROR:process_memory_win.cc(73)] ReadMemory at 0x217e0784260 of 132 bytes failed: Only part of a ReadProcessMemory or WriteProcessMemory request was completed. (0x12B)
[0621/011414.378:ERROR:process_memory_win.cc(73)] ReadMemory at 0x217e07843c0 of 512 bytes failed: Only part of a ReadProcessMemory or WriteProcessMemory request was completed. (0x12B)
[0621/011414.378:ERROR:process_memory_win.cc(73)] ReadMemory at 0x217e07846f8 of 512 bytes failed: Only part of a ReadProcessMemory or WriteProcessMemory request was completed. (0x12B)
[0621/011414.378:ERROR:process_memory_win.cc(73)] ReadMemory at 0x217e07849e0 of 68 bytes failed: Only part of a ReadProcessMemory or WriteProcessMemory request was completed. (0x12B)
[0621/011414.378:ERROR:process_memory_win.cc(73)] ReadMemory at 0x217e0785c10 of 132 bytes failed: Only part of a ReadProcessMemory or WriteProcessMemory request was completed. (0x12B)
[0621/011414.378:ERROR:process_memory_win.cc(73)] ReadMemory at 0x217e0785d40 of 146 bytes failed: Only part of a ReadProcessMemory or WriteProcessMemory request was completed. (0x12B)
[0621/011414.378:ERROR:process_memory_win.cc(73)] ReadMemory at 0x217e0785e20 of 132 bytes failed: Only part of a ReadProcessMemory or WriteProcessMemory request was completed. (0x12B)
[0621/011414.379:ERROR:process_memory_win.cc(73)] ReadMemory at 0x217e0785fb0 of 154 bytes failed: Only part of a ReadProcessMemory or WriteProcessMemory request was completed. (0x12B)
[0621/011414.379:ERROR:process_memory_win.cc(73)] ReadMemory at 0x217e0786d70 of 132 bytes failed: Only part of a ReadProcessMemory or WriteProcessMemory request was completed. (0x12B)
[0621/011414.379:ERROR:process_memory_win.cc(73)] ReadMemory at 0x217e0786f10 of 132 bytes failed: Only part of a ReadProcessMemory or WriteProcessMemory request was completed. (0x12B)
[0621/011414.379:ERROR:process_memory_win.cc(73)] ReadMemory at 0x217e0787ed0 of 60 bytes failed: Only part of a ReadProcessMemory or WriteProcessMemory request was completed. (0x12B)
[0621/011414.379:ERROR:process_memory_win.cc(73)] ReadMemory at 0x217e0787f20 of 512 bytes failed: Only part of a ReadProcessMemory or WriteProcessMemory request was completed. (0x12B)
[0621/011414.379:ERROR:process_memory_win.cc(73)] ReadMemory at 0x217e07882a0 of 544 bytes failed: Only part of a ReadProcessMemory or WriteProcessMemory request was completed. (0x12B)
[0621/011414.379:ERROR:process_memory_win.cc(73)] ReadMemory at 0x217e0788640 of 512 bytes failed: Only part of a ReadProcessMemory or WriteProcessMemory request was completed. (0x12B)
[0621/011414.379:ERROR:process_memory_win.cc(73)] ReadMemory at 0x217e078c590 of 132 bytes failed: Only part of a ReadProcessMemory or WriteProcessMemory request was completed. (0x12B)
[0621/011414.379:ERROR:process_memory_win.cc(73)] ReadMemory at 0x217e078c720 of 80 bytes failed: Only part of a ReadProcessMemory or WriteProcessMemory request was completed. (0x12B)
[0621/011414.379:ERROR:process_memory_win.cc(73)] ReadMemory at 0x217e078c840 of 60 bytes failed: Only part of a ReadProcessMemory or WriteProcessMemory request was completed. (0x12B)
[0621/011414.379:ERROR:process_memory_win.cc(73)] ReadMemory at 0x217e078c980 of 64 bytes failed: Only part of a ReadProcessMemory or WriteProcessMemory request was completed. (0x12B)
[0621/011414.379:ERROR:process_memory_win.cc(73)] ReadMemory at 0x217e078ca20 of 60 bytes failed: Only part of a ReadProcessMemory or WriteProcessMemory request was completed. (0x12B)
[0621/011414.379:ERROR:process_memory_win.cc(73)] ReadMemory at 0x217e078cac0 of 66 bytes failed: Only part of a ReadProcessMemory or WriteProcessMemory request was completed. (0x12B)
[0621/011414.379:ERROR:process_memory_win.cc(73)] ReadMemory at 0x217e078cbb0 of 64 bytes failed: Only part of a ReadProcessMemory or WriteProcessMemory request was completed. (0x12B)
[0621/011414.380:ERROR:process_memory_win.cc(73)] ReadMemory at 0x217e078cc00 of 62 bytes failed: Only part of a ReadProcessMemory or WriteProcessMemory request was completed. (0x12B)
[0621/011414.380:ERROR:process_memory_win.cc(73)] ReadMemory at 0x217e078cd90 of 64 bytes failed: Only part of a ReadProcessMemory or WriteProcessMemory request was completed. (0x12B)
[0621/011414.380:ERROR:process_memory_win.cc(73)] ReadMemory at 0x217e078ce30 of 62 bytes failed: Only part of a ReadProcessMemory or WriteProcessMemory request was completed. (0x12B)
[0621/011414.380:ERROR:process_memory_win.cc(73)] ReadMemory at 0x217e078ced0 of 64 bytes failed: Only part of a ReadProcessMemory or WriteProcessMemory request was completed. (0x12B)
[0621/011414.380:ERROR:process_memory_win.cc(73)] ReadMemory at 0x217e078d5f0 of 76 bytes failed: Only part of a ReadProcessMemory or WriteProcessMemory request was completed. (0x12B)
[0621/011414.380:ERROR:process_memory_win.cc(73)] ReadMemory at 0x217e078d7d0 of 78 bytes failed: Only part of a ReadProcessMemory or WriteProcessMemory request was completed. (0x12B)
[0621/011414.380:ERROR:process_memory_win.cc(73)] ReadMemory at 0x217e078d950 of 80 bytes failed: Only part of a ReadProcessMemory or WriteProcessMemory request was completed. (0x12B)
[0621/011414.380:ERROR:process_memory_win.cc(73)] ReadMemory at 0x217e0790050 of 132 bytes failed: Only part of a ReadProcessMemory or WriteProcessMemory request was completed. (0x12B)
[0621/011414.380:ERROR:process_memory_win.cc(73)] ReadMemory at 0x217e0790270 of 132 bytes failed: Only part of a ReadProcessMemory or WriteProcessMemory request was completed. (0x12B)
[0621/011414.380:ERROR:process_memory_win.cc(73)] ReadMemory at 0x217e07911f0 of 54 bytes failed: Only part of a ReadProcessMemory or WriteProcessMemory request was completed. (0x12B)
[0621/011414.380:ERROR:process_memory_win.cc(73)] ReadMemory at 0x217e07919d0 of 132 bytes failed: Only part of a ReadProcessMemory or WriteProcessMemory request was completed. (0x12B)
[0621/011414.380:ERROR:process_memory_win.cc(73)] ReadMemory at 0x217e0791b00 of 132 bytes failed: Only part of a ReadProcessMemory or WriteProcessMemory request was completed. (0x12B)
[0621/011414.381:ERROR:process_memory_win.cc(73)] ReadMemory at 0x217e0791f80 of 132 bytes failed: Only part of a ReadProcessMemory or WriteProcessMemory request was completed. (0x12B)
[0621/011414.381:ERROR:process_memory_win.cc(73)] ReadMemory at 0x217e0792190 of 132 bytes failed: Only part of a ReadProcessMemory or WriteProcessMemory request was completed. (0x12B)
[0621/011414.381:ERROR:process_memory_win.cc(73)] ReadMemory at 0x217e07927a0 of 132 bytes failed: Only part of a ReadProcessMemory or WriteProcessMemory request was completed. (0x12B)
[0621/011414.381:ERROR:process_memory_win.cc(73)] ReadMemory at 0x217e07928d0 of 132 bytes failed: Only part of a ReadProcessMemory or WriteProcessMemory request was completed. (0x12B)
[0621/011414.381:ERROR:process_memory_win.cc(73)] ReadMemory at 0x217e0795560 of 132 bytes failed: Only part of a ReadProcessMemory or WriteProcessMemory request was completed. (0x12B)
[0621/011414.381:ERROR:process_memory_win.cc(73)] ReadMemory at 0x217e0795690 of 132 bytes failed: Only part of a ReadProcessMemory or WriteProcessMemory request was completed. (0x12B)
[0621/011414.381:ERROR:process_memory_win.cc(73)] ReadMemory at 0x217e07957c0 of 132 bytes failed: Only part of a ReadProcessMemory or WriteProcessMemory request was completed. (0x12B)
[0621/011414.381:ERROR:process_memory_win.cc(73)] ReadMemory at 0x217e07958f0 of 132 bytes failed: Only part of a ReadProcessMemory or WriteProcessMemory request was completed. (0x12B)
[0621/011414.382:ERROR:process_memory_win.cc(73)] ReadMemory at 0x217e0795a20 of 132 bytes failed: Only part of a ReadProcessMemory or WriteProcessMemory request was completed. (0x12B)
[0621/011414.382:ERROR:process_memory_win.cc(73)] ReadMemory at 0x217e0795b50 of 132 bytes failed: Only part of a ReadProcessMemory or WriteProcessMemory request was completed. (0x12B)
[0621/011414.382:ERROR:process_memory_win.cc(73)] ReadMemory at 0x217e0795c80 of 132 bytes failed: Only part of a ReadProcessMemory or WriteProcessMemory request was completed. (0x12B)
[0621/011414.382:ERROR:process_memory_win.cc(73)] ReadMemory at 0x217e0795db0 of 132 bytes failed: Only part of a ReadProcessMemory or WriteProcessMemory request was completed. (0x12B)
[0621/011414.382:ERROR:process_memory_win.cc(73)] ReadMemory at 0x217e0795ee0 of 132 bytes failed: Only part of a ReadProcessMemory or WriteProcessMemory request was completed. (0x12B)
[0621/011414.382:ERROR:process_memory_win.cc(73)] ReadMemory at 0x217e0796010 of 132 bytes failed: Only part of a ReadProcessMemory or WriteProcessMemory request was completed. (0x12B)
[0621/011414.382:ERROR:process_memory_win.cc(73)] ReadMemory at 0x217e0796140 of 132 bytes failed: Only part of a ReadProcessMemory or WriteProcessMemory request was completed. (0x12B)
[0621/011414.382:ERROR:process_memory_win.cc(73)] ReadMemory at 0x217e0796270 of 132 bytes failed: Only part of a ReadProcessMemory or WriteProcessMemory request was completed. (0x12B)
[0621/011414.382:ERROR:process_memory_win.cc(73)] ReadMemory at 0x217e07963a0 of 132 bytes failed: Only part of a ReadProcessMemory or WriteProcessMemory request was completed. (0x12B)
[0621/011414.382:ERROR:process_memory_win.cc(73)] ReadMemory at 0x217e07964d0 of 132 bytes failed: Only part of a ReadProcessMemory or WriteProcessMemory request was completed. (0x12B)
[0621/011414.382:ERROR:process_memory_win.cc(73)] ReadMemory at 0x217e0796600 of 132 bytes failed: Only part of a ReadProcessMemory or WriteProcessMemory request was completed. (0x12B)
[0621/011414.382:ERROR:process_memory_win.cc(73)] ReadMemory at 0x217e0796730 of 132 bytes failed: Only part of a ReadProcessMemory or WriteProcessMemory request was completed. (0x12B)
[0621/011414.382:ERROR:process_memory_win.cc(73)] ReadMemory at 0x217e0796860 of 132 bytes failed: Only part of a ReadProcessMemory or WriteProcessMemory request was completed. (0x12B)
[0621/011414.382:ERROR:process_memory_win.cc(73)] ReadMemory at 0x217e0796990 of 132 bytes failed: Only part of a ReadProcessMemory or WriteProcessMemory request was completed. (0x12B)
[0621/011414.383:ERROR:process_memory_win.cc(73)] ReadMemory at 0x217e0796bf0 of 132 bytes failed: Only part of a ReadProcessMemory or WriteProcessMemory request was completed. (0x12B)
[0621/011414.383:ERROR:process_memory_win.cc(73)] ReadMemory at 0x217e0796d20 of 132 bytes failed: Only part of a ReadProcessMemory or WriteProcessMemory request was completed. (0x12B)
[0621/011414.383:ERROR:process_memory_win.cc(73)] ReadMemory at 0x217e0796e50 of 132 bytes failed: Only part of a ReadProcessMemory or WriteProcessMemory request was completed. (0x12B)
[0621/011414.383:ERROR:process_memory_win.cc(73)] ReadMemory at 0x217e0796f80 of 132 bytes failed: Only part of a ReadProcessMemory or WriteProcessMemory request was completed. (0x12B)
[0621/011414.383:ERROR:process_memory_win.cc(73)] ReadMemory at 0x217e07970b0 of 132 bytes failed: Only part of a ReadProcessMemory or WriteProcessMemory request was completed. (0x12B)
[0621/011414.383:ERROR:process_memory_win.cc(73)] ReadMemory at 0x217e0797310 of 132 bytes failed: Only part of a ReadProcessMemory or WriteProcessMemory request was completed. (0x12B)
[0621/011414.383:ERROR:process_memory_win.cc(73)] ReadMemory at 0x217e0797d80 of 132 bytes failed: Only part of a ReadProcessMemory or WriteProcessMemory request was completed. (0x12B)
[0621/011414.383:ERROR:process_memory_win.cc(73)] ReadMemory at 0x217e0797eb0 of 132 bytes failed: Only part of a ReadProcessMemory or WriteProcessMemory request was completed. (0x12B)
[0621/011414.383:ERROR:process_memory_win.cc(73)] ReadMemory at 0x217e0797fe0 of 132 bytes failed: Only part of a ReadProcessMemory or WriteProcessMemory request was completed. (0x12B)
[0621/011414.383:ERROR:process_memory_win.cc(73)] ReadMemory at 0x217e0798110 of 132 bytes failed: Only part of a ReadProcessMemory or WriteProcessMemory request was completed. (0x12B)
[0621/011414.383:ERROR:process_memory_win.cc(73)] ReadMemory at 0x217e0798240 of 132 bytes failed: Only part of a ReadProcessMemory or WriteProcessMemory request was completed. (0x12B)
[0621/011414.383:ERROR:process_memory_win.cc(73)] ReadMemory at 0x217e0798370 of 132 bytes failed: Only part of a ReadProcessMemory or WriteProcessMemory request was completed. (0x12B)
[0621/011414.384:ERROR:process_memory_win.cc(73)] ReadMemory at 0x217e07984a0 of 132 bytes failed: Only part of a ReadProcessMemory or WriteProcessMemory request was completed. (0x12B)
[0621/011414.384:ERROR:process_memory_win.cc(73)] ReadMemory at 0x217e07985d0 of 132 bytes failed: Only part of a ReadProcessMemory or WriteProcessMemory request was completed. (0x12B)
[0621/011414.384:ERROR:process_memory_win.cc(73)] ReadMemory at 0x217e0798700 of 132 bytes failed: Only part of a ReadProcessMemory or WriteProcessMemory request was completed. (0x12B)
[0621/011414.384:ERROR:process_memory_win.cc(73)] ReadMemory at 0x217e0798830 of 132 bytes failed: Only part of a ReadProcessMemory or WriteProcessMemory request was completed. (0x12B)
[0621/011414.384:ERROR:process_memory_win.cc(73)] ReadMemory at 0x217e0798960 of 132 bytes failed: Only part of a ReadProcessMemory or WriteProcessMemory request was completed. (0x12B)
[0621/011414.384:ERROR:process_memory_win.cc(73)] ReadMemory at 0x217e0798a90 of 132 bytes failed: Only part of a ReadProcessMemory or WriteProcessMemory request was completed. (0x12B)
[0621/011414.384:ERROR:process_memory_win.cc(73)] ReadMemory at 0x217e0798bc0 of 132 bytes failed: Only part of a ReadProcessMemory or WriteProcessMemory request was completed. (0x12B)
[0621/011414.384:ERROR:process_memory_win.cc(73)] ReadMemory at 0x217e0799070 of 64 bytes failed: Only part of a ReadProcessMemory or WriteProcessMemory request was completed. (0x12B)
[0621/011414.384:ERROR:process_memory_win.cc(73)] ReadMemory at 0x217e07990c0 of 64 bytes failed: Only part of a ReadProcessMemory or WriteProcessMemory request was completed. (0x12B)
[0621/011414.384:ERROR:process_memory_win.cc(73)] ReadMemory at 0x217e0799110 of 62 bytes failed: Only part of a ReadProcessMemory or WriteProcessMemory request was completed. (0x12B)
[0621/011414.384:ERROR:process_memory_win.cc(73)] ReadMemory at 0x217e07991b0 of 66 bytes failed: Only part of a ReadProcessMemory or WriteProcessMemory request was completed. (0x12B)
[0621/011414.385:ERROR:process_memory_win.cc(73)] ReadMemory at 0x217e0799340 of 58 bytes failed: Only part of a ReadProcessMemory or WriteProcessMemory request was completed. (0x12B)
[0621/011414.385:ERROR:process_memory_win.cc(73)] ReadMemory at 0x217e0799390 of 62 bytes failed: Only part of a ReadProcessMemory or WriteProcessMemory request was completed. (0x12B)
[0621/011414.385:ERROR:process_memory_win.cc(73)] ReadMemory at 0x217e0799480 of 60 bytes failed: Only part of a ReadProcessMemory or WriteProcessMemory request was completed. (0x12B)
[0621/011414.385:ERROR:process_memory_win.cc(73)] ReadMemory at 0x217e07997a0 of 62 bytes failed: Only part of a ReadProcessMemory or WriteProcessMemory request was completed. (0x12B)
[0621/011414.385:ERROR:process_memory_win.cc(73)] ReadMemory at 0x217e0799840 of 62 bytes failed: Only part of a ReadProcessMemory or WriteProcessMemory request was completed. (0x12B)
[0621/011414.385:ERROR:process_memory_win.cc(73)] ReadMemory at 0x217e0799890 of 60 bytes failed: Only part of a ReadProcessMemory or WriteProcessMemory request was completed. (0x12B)
[0621/011414.385:ERROR:process_memory_win.cc(73)] ReadMemory at 0x217e07998e0 of 60 bytes failed: Only part of a ReadProcessMemory or WriteProcessMemory request was completed. (0x12B)
[0621/011414.385:ERROR:process_memory_win.cc(73)] ReadMemory at 0x217e0799980 of 64 bytes failed: Only part of a ReadProcessMemory or WriteProcessMemory request was completed. (0x12B)
[0621/011414.385:ERROR:process_memory_win.cc(73)] ReadMemory at 0x217e0799bb0 of 62 bytes failed: Only part of a ReadProcessMemory or WriteProcessMemory request was completed. (0x12B)
[0621/011414.385:ERROR:process_memory_win.cc(73)] ReadMemory at 0x217e0799c00 of 62 bytes failed: Only part of a ReadProcessMemory or WriteProcessMemory request was completed. (0x12B)
[0621/011414.385:ERROR:process_memory_win.cc(73)] ReadMemory at 0x217e0799c50 of 64 bytes failed: Only part of a ReadProcessMemory or WriteProcessMemory request was completed. (0x12B)
[0621/011414.385:ERROR:process_memory_win.cc(73)] ReadMemory at 0x217e0799cf0 of 62 bytes failed: Only part of a ReadProcessMemory or WriteProcessMemory request was completed. (0x12B)
[0621/011414.386:ERROR:process_memory_win.cc(73)] ReadMemory at 0x217e0799d90 of 62 bytes failed: Only part of a ReadProcessMemory or WriteProcessMemory request was completed. (0x12B)
[0621/011414.386:ERROR:process_memory_win.cc(73)] ReadMemory at 0x217e0799e30 of 60 bytes failed: Only part of a ReadProcessMemory or WriteProcessMemory request was completed. (0x12B)
[0621/011414.386:ERROR:process_memory_win.cc(73)] ReadMemory at 0x217e079c960 of 512 bytes failed: Only part of a ReadProcessMemory or WriteProcessMemory request was completed. (0x12B)
[0621/011414.386:ERROR:process_memory_win.cc(73)] ReadMemory at 0x217e079de30 of 512 bytes failed: Only part of a ReadProcessMemory or WriteProcessMemory request was completed. (0x12B)
[0621/011414.386:ERROR:process_memory_win.cc(73)] ReadMemory at 0x217e07adc20 of 62 bytes failed: Only part of a ReadProcessMemory or WriteProcessMemory request was completed. (0x12B)
[0621/011414.386:ERROR:process_memory_win.cc(73)] ReadMemory at 0x217e07adc70 of 60 bytes failed: Only part of a ReadProcessMemory or WriteProcessMemory request was completed. (0x12B)
[0621/011414.386:ERROR:process_memory_win.cc(73)] ReadMemory at 0x217e07ade00 of 66 bytes failed: Only part of a ReadProcessMemory or WriteProcessMemory request was completed. (0x12B)
[0621/011414.386:ERROR:process_memory_win.cc(73)] ReadMemory at 0x217e07ade50 of 58 bytes failed: Only part of a ReadProcessMemory or WriteProcessMemory request was completed. (0x12B)
[0621/011414.386:ERROR:process_memory_win.cc(73)] ReadMemory at 0x217e07ae030 of 66 bytes failed: Only part of a ReadProcessMemory or WriteProcessMemory request was completed. (0x12B)
[0621/011414.386:ERROR:process_memory_win.cc(73)] ReadMemory at 0x217e07ae260 of 60 bytes failed: Only part of a ReadProcessMemory or WriteProcessMemory request was completed. (0x12B)
[0621/011414.386:ERROR:process_memory_win.cc(73)] ReadMemory at 0x217e07ae530 of 66 bytes failed: Only part of a ReadProcessMemory or WriteProcessMemory request was completed. (0x12B)
[0621/011414.386:ERROR:process_memory_win.cc(73)] ReadMemory at 0x217e07ae5d0 of 60 bytes failed: Only part of a ReadProcessMemory or WriteProcessMemory request was completed. (0x12B)
[0621/011414.387:ERROR:process_memory_win.cc(73)] ReadMemory at 0x217e07ae620 of 64 bytes failed: Only part of a ReadProcessMemory or WriteProcessMemory request was completed. (0x12B)
[0621/011414.387:ERROR:process_memory_win.cc(73)] ReadMemory at 0x217e07ae6c0 of 62 bytes failed: Only part of a ReadProcessMemory or WriteProcessMemory request was completed. (0x12B)
[0621/011414.387:ERROR:process_memory_win.cc(73)] ReadMemory at 0x217e07ae760 of 58 bytes failed: Only part of a ReadProcessMemory or WriteProcessMemory request was completed. (0x12B)
[0621/011414.387:ERROR:process_memory_win.cc(73)] ReadMemory at 0x217e07ae7b0 of 62 bytes failed: Only part of a ReadProcessMemory or WriteProcessMemory request was completed. (0x12B)
[0621/011414.387:ERROR:process_memory_win.cc(73)] ReadMemory at 0x217e07ae8a0 of 58 bytes failed: Only part of a ReadProcessMemory or WriteProcessMemory request was completed. (0x12B)
[0621/011414.387:ERROR:process_memory_win.cc(73)] ReadMemory at 0x217e07b1810 of 512 bytes failed: Only part of a ReadProcessMemory or WriteProcessMemory request was completed. (0x12B)
[0621/011414.387:ERROR:process_memory_win.cc(73)] ReadMemory at 0x217e07bc500 of 512 bytes failed: Only part of a ReadProcessMemory or WriteProcessMemory request was completed. (0x12B)
[0621/011414.387:ERROR:process_memory_win.cc(73)] ReadMemory at 0x217e07bc880 of 512 bytes failed: Only part of a ReadProcessMemory or WriteProcessMemory request was completed. (0x12B)
[0621/011414.387:ERROR:process_memory_win.cc(73)] ReadMemory at 0x217e07d54c0 of 808 bytes failed: Only part of a ReadProcessMemory or WriteProcessMemory request was completed. (0x12B)
[0621/011414.387:ERROR:process_memory_win.cc(73)] ReadMemory at 0x217e07d8a70 of 512 bytes failed: Only part of a ReadProcessMemory or WriteProcessMemory request was completed. (0x12B)
[0621/011414.387:ERROR:process_memory_win.cc(73)] ReadMemory at 0x217e07ddaa0 of 512 bytes failed: Only part of a ReadProcessMemory or WriteProcessMemory request was completed. (0x12B)
[0621/011414.387:ERROR:process_memory_win.cc(73)] ReadMemory at 0x217e07dde20 of 512 bytes failed: Only part of a ReadProcessMemory or WriteProcessMemory request was completed. (0x12B)
[0621/011414.388:ERROR:process_memory_win.cc(73)] ReadMemory at 0x217e07df920 of 64 bytes failed: Only part of a ReadProcessMemory or WriteProcessMemory request was completed. (0x12B)
[0621/011414.388:ERROR:process_memory_win.cc(73)] ReadMemory at 0x217e07dfb00 of 60 bytes failed: Only part of a ReadProcessMemory or WriteProcessMemory request was completed. (0x12B)
[0621/011414.388:ERROR:process_memory_win.cc(73)] ReadMemory at 0x217e07dffb0 of 62 bytes failed: Only part of a ReadProcessMemory or WriteProcessMemory request was completed. (0x12B)
[0621/011414.388:ERROR:process_memory_win.cc(73)] ReadMemory at 0x217e07e0460 of 62 bytes failed: Only part of a ReadProcessMemory or WriteProcessMemory request was completed. (0x12B)
[0621/011414.388:ERROR:process_memory_win.cc(73)] ReadMemory at 0x217e07e04b0 of 64 bytes failed: Only part of a ReadProcessMemory or WriteProcessMemory request was completed. (0x12B)
[0621/011414.388:ERROR:process_memory_win.cc(73)] ReadMemory at 0x217e07f99d0 of 512 bytes failed: Only part of a ReadProcessMemory or WriteProcessMemory request was completed. (0x12B)
[0621/011414.388:ERROR:process_memory_win.cc(73)] ReadMemory at 0x217e07fa368 of 512 bytes failed: Only part of a ReadProcessMemory or WriteProcessMemory request was completed. (0x12B)
[0621/011414.388:ERROR:process_memory_win.cc(73)] ReadMemory at 0x217e07ff800 of 512 bytes failed: Only part of a ReadProcessMemory or WriteProcessMemory request was completed. (0x12B)
[0621/011414.388:ERROR:process_memory_win.cc(73)] ReadMemory at 0x217e08007b0 of 60 bytes failed: Only part of a ReadProcessMemory or WriteProcessMemory request was completed. (0x12B)
[0621/011414.388:ERROR:process_memory_win.cc(73)] ReadMemory at 0x217e081b6f0 of 808 bytes failed: Only part of a ReadProcessMemory or WriteProcessMemory request was completed. (0x12B)
[0621/011414.389:ERROR:process_memory_win.cc(73)] ReadMemory at 0x217e081bf70 of 512 bytes failed: Only part of a ReadProcessMemory or WriteProcessMemory request was completed. (0x12B)
[0621/011414.389:ERROR:process_memory_win.cc(73)] ReadMemory at 0x217e081d7a0 of 132 bytes failed: Only part of a ReadProcessMemory or WriteProcessMemory request was completed. (0x12B)
[0621/011414.389:ERROR:process_memory_win.cc(73)] ReadMemory at 0x217e081e120 of 132 bytes failed: Only part of a ReadProcessMemory or WriteProcessMemory request was completed. (0x12B)
[0621/011414.389:ERROR:process_memory_win.cc(73)] ReadMemory at 0x217e081e5e0 of 132 bytes failed: Only part of a ReadProcessMemory or WriteProcessMemory request was completed. (0x12B)
[0621/011414.389:ERROR:process_memory_win.cc(73)] ReadMemory at 0x217e081e710 of 132 bytes failed: Only part of a ReadProcessMemory or WriteProcessMemory request was completed. (0x12B)
[0621/011414.389:ERROR:process_memory_win.cc(73)] ReadMemory at 0x217e081eaa0 of 132 bytes failed: Only part of a ReadProcessMemory or WriteProcessMemory request was completed. (0x12B)
[0621/011414.389:ERROR:process_memory_win.cc(73)] ReadMemory at 0x217e081ed00 of 132 bytes failed: Only part of a ReadProcessMemory or WriteProcessMemory request was completed. (0x12B)
[0621/011414.389:ERROR:process_memory_win.cc(73)] ReadMemory at 0x217e0829af0 of 512 bytes failed: Only part of a ReadProcessMemory or WriteProcessMemory request was completed. (0x12B)
[0621/011414.389:ERROR:process_memory_win.cc(73)] ReadMemory at 0x217e082c5f0 of 58 bytes failed: Only part of a ReadProcessMemory or WriteProcessMemory request was completed. (0x12B)
[0621/011414.389:ERROR:process_memory_win.cc(73)] ReadMemory at 0x217e0867240 of 512 bytes failed: Only part of a ReadProcessMemory or WriteProcessMemory request was completed. (0x12B)
[0621/011414.390:ERROR:process_memory_win.cc(73)] ReadMemory at 0x217e0875a70 of 512 bytes failed: Only part of a ReadProcessMemory or WriteProcessMemory request was completed. (0x12B)
[0621/011414.390:ERROR:process_memory_win.cc(73)] ReadMemory at 0x217e0878980 of 512 bytes failed: Only part of a ReadProcessMemory or WriteProcessMemory request was completed. (0x12B)
[0621/011414.390:ERROR:process_memory_win.cc(73)] ReadMemory at 0x217e08e0000 of 384 bytes failed: Only part of a ReadProcessMemory or WriteProcessMemory request was completed. (0x12B)
[0621/011414.390:ERROR:process_memory_win.cc(73)] ReadMemory at 0x217e0a39a03 of 512 bytes failed: Only part of a ReadProcessMemory or WriteProcessMemory request was completed. (0x12B)
[0621/011414.390:ERROR:process_memory_win.cc(73)] ReadMemory at 0x217e0a3e220 of 512 bytes failed: Only part of a ReadProcessMemory or WriteProcessMemory request was completed. (0x12B)
[0621/011414.390:ERROR:process_memory_win.cc(73)] ReadMemory at 0x217e3b10380 of 512 bytes failed: Only part of a ReadProcessMemory or WriteProcessMemory request was completed. (0x12B)
[0621/011414.390:ERROR:process_memory_win.cc(73)] ReadMemory at 0x217e3d00000 of 384 bytes failed: Only part of a ReadProcessMemory or WriteProcessMemory request was completed. (0x12B)
[0621/011414.390:ERROR:process_memory_win.cc(73)] ReadMemory at 0x217e3d1cb50 of 512 bytes failed: Only part of a ReadProcessMemory or WriteProcessMemory request was completed. (0x12B)
[0621/011414.390:ERROR:process_memory_win.cc(73)] ReadMemory at 0x7ffe3bd4398e of 512 bytes failed: Only part of a ReadProcessMemory or WriteProcessMemory request was completed. (0x12B)
[0621/011414.390:ERROR:process_memory_win.cc(73)] ReadMemory at 0x7ffe425dbca8 of 512 bytes failed: Only part of a ReadProcessMemory or WriteProcessMemory request was completed. (0x12B)
[0621/011414.390:ERROR:process_memory_win.cc(73)] ReadMemory at 0x7ffe430fd5a0 of 512 bytes failed: Only part of a ReadProcessMemory or WriteProcessMemory request was completed. (0x12B)
[0621/011414.390:ERROR:process_memory_win.cc(73)] ReadMemory at 0x7ffe4321a568 of 512 bytes failed: Only part of a ReadProcessMemory or WriteProcessMemory request was completed. (0x12B)
[0621/011414.391:ERROR:process_memory_win.cc(73)] ReadMemory at 0x7ffe8059ebde of 512 bytes failed: Only part of a ReadProcessMemory or WriteProcessMemory request was completed. (0x12B)
[0621/011414.391:ERROR:process_memory_win.cc(73)] ReadMemory at 0x7ffe807b0000 of 384 bytes failed: Only part of a ReadProcessMemory or WriteProcessMemory request was completed. (0x12B)
[0621/011414.391:ERROR:process_memory_win.cc(73)] ReadMemory at 0x7ffe81f6c6e0 of 512 bytes failed: Only part of a ReadProcessMemory or WriteProcessMemory request was completed. (0x12B)
[0621/011414.391:ERROR:process_memory_win.cc(73)] ReadMemory at 0x7ffe837efc24 of 512 bytes failed: Only part of a ReadProcessMemory or WriteProcessMemory request was completed. (0x12B)
[0621/011414.391:ERROR:process_memory_win.cc(73)] ReadMemory at 0x7ffe8411c074 of 672 bytes failed: Only part of a ReadProcessMemory or WriteProcessMemory request was completed. (0x12B)
[0621/011414.391:ERROR:process_memory_win.cc(73)] ReadMemory at 0x7ffe8411c674 of 512 bytes failed: Only part of a ReadProcessMemory or WriteProcessMemory request was completed. (0x12B)
[0621/011414.391:ERROR:process_memory_win.cc(73)] ReadMemory at 0x7ffe8411cb44 of 512 bytes failed: Only part of a ReadProcessMemory or WriteProcessMemory request was completed. (0x12B)
[0621/011414.391:ERROR:process_memory_win.cc(73)] ReadMemory at 0x7ffe8411d124 of 512 bytes failed: Only part of a ReadProcessMemory or WriteProcessMemory request was completed. (0x12B)
[0621/011414.391:ERROR:process_memory_win.cc(73)] ReadMemory at 0x7ffe8411f984 of 512 bytes failed: Only part of a ReadProcessMemory or WriteProcessMemory request was completed. (0x12B)
[0621/011414.391:ERROR:process_memory_win.cc(73)] ReadMemory at 0x7ffe841ac428 of 18 bytes failed: Only part of a ReadProcessMemory or WriteProcessMemory request was completed. (0x12B)
[0621/011414.391:ERROR:process_memory_win.cc(73)] ReadMemory at 0x7ffe841df4f8 of 40 bytes failed: Only part of a ReadProcessMemory or WriteProcessMemory request was completed. (0x12B)
[0621/011414.391:ERROR:process_memory_win.cc(73)] ReadMemory at 0x7ffe841df978 of 48 bytes failed: Only part of a ReadProcessMemory or WriteProcessMemory request was completed. (0x12B)
[0621/011414.392:ERROR:process_memory_win.cc(73)] ReadMemory at 0x7ffe841e53c0 of 64 bytes failed: Only part of a ReadProcessMemory or WriteProcessMemory request was completed. (0x12B)
[0621/011414.394:ERROR:file_io_win.cc(161)] CreateFile C:\Users\Jonga\AppData\Local\Temp\scoped_dir53032_430729051\Crashpad\settings.dat: The system cannot find the file specified. (0x2)
[0621/011414.394:ERROR:scoped_process_suspend.cc(40)] NtResumeProcess: An attempt was made to access an exiting process. (0xc000010a)
